[2017-04-18 22:59:46.407] [INFO] pomelo - [32m[/Users/bingbing/QAJackPoject/QAJackPomelo/game-server/node_modules/pomelo/lib/application.js] [39mapplication inited: "connector-server-2"
[2017-04-18 22:59:47.567] [INFO] pomelo - [32m[/Users/bingbing/QAJackPoject/QAJackPomelo/game-server/node_modules/pomelo/lib/application.js] [39m"connector-server-2" enter after start...
[2017-04-18 22:59:47.575] [INFO] pomelo - [32m[/Users/bingbing/QAJackPoject/QAJackPomelo/game-server/node_modules/pomelo/lib/application.js] [39m"connector-server-2" finish start
[2017-04-18 22:59:47.575] [INFO] pomelo - [32m[/Users/bingbing/QAJackPoject/QAJackPomelo/game-server/node_modules/pomelo/lib/application.js] [39m"connector-server-2" startup in 1040 ms
[2017-04-18 22:59:47.624] [DEBUG] pomelo - [36m[/Users/bingbing/QAJackPoject/QAJackPomelo/game-server/node_modules/pomelo/lib/modules/monitorwatcher.js] [39m[connector-server-2] receive addServer signal: {"action":"addServer","server":{"main":"/Users/bingbing/QAJackPoject/QAJackPomelo/game-server/app.js","env":"development","id":"connector-server-1","host":"127.0.0.1","port":4050,"clientPort":3050,"frontend":"true","serverType":"connector","pid":23097}}
[2017-04-18 22:59:47.664] [DEBUG] pomelo - [36m[/Users/bingbing/QAJackPoject/QAJackPomelo/game-server/node_modules/pomelo/lib/modules/monitorwatcher.js] [39m[connector-server-2] receive addServer signal: {"action":"addServer","server":{"main":"/Users/bingbing/QAJackPoject/QAJackPomelo/game-server/app.js","env":"development","id":"connector-server-3","host":"127.0.0.1","port":4052,"clientPort":3052,"frontend":"true","serverType":"connector","pid":23099}}
[2017-04-18 23:01:34.553] [INFO] pomelo - [32m[/Users/bingbing/QAJackPoject/QAJackPomelo/game-server/node_modules/pomelo/lib/application.js] [39mapplication inited: "connector-server-2"
[2017-04-18 23:01:35.786] [INFO] pomelo - [32m[/Users/bingbing/QAJackPoject/QAJackPomelo/game-server/node_modules/pomelo/lib/application.js] [39m"connector-server-2" enter after start...
[2017-04-18 23:01:35.789] [INFO] pomelo - [32m[/Users/bingbing/QAJackPoject/QAJackPomelo/game-server/node_modules/pomelo/lib/application.js] [39m"connector-server-2" finish start
[2017-04-18 23:01:35.790] [INFO] pomelo - [32m[/Users/bingbing/QAJackPoject/QAJackPomelo/game-server/node_modules/pomelo/lib/application.js] [39m"connector-server-2" startup in 809 ms
[2017-04-18 23:01:35.803] [DEBUG] pomelo - [36m[/Users/bingbing/QAJackPoject/QAJackPomelo/game-server/node_modules/pomelo/lib/modules/monitorwatcher.js] [39m[connector-server-2] receive addServer signal: {"action":"addServer","server":{"main":"/Users/bingbing/QAJackPoject/QAJackPomelo/game-server/app.js","env":"development","id":"connector-server-3","host":"127.0.0.1","port":4052,"clientPort":3052,"frontend":"true","serverType":"connector","pid":23129}}
[2017-04-18 23:14:02.515] [INFO] pomelo - [32m[/Users/bingbing/QAJackPoject/QAJackPomelo/game-server/node_modules/pomelo/lib/application.js] [39mapplication inited: "connector-server-2"
[2017-04-18 23:14:33.772] [INFO] pomelo - [32m[/Users/bingbing/QAJackPoject/QAJackPomelo/game-server/node_modules/pomelo/lib/application.js] [39mapplication inited: "connector-server-2"
[2017-04-18 23:15:04.238] [INFO] pomelo - [32m[/Users/bingbing/QAJackPoject/QAJackPomelo/game-server/node_modules/pomelo/lib/application.js] [39mapplication inited: "connector-server-2"
[2017-04-18 23:15:05.665] [INFO] pomelo - [32m[/Users/bingbing/QAJackPoject/QAJackPomelo/game-server/node_modules/pomelo/lib/application.js] [39m"connector-server-2" enter after start...
[2017-04-18 23:15:05.670] [INFO] pomelo - [32m[/Users/bingbing/QAJackPoject/QAJackPomelo/game-server/node_modules/pomelo/lib/application.js] [39m"connector-server-2" finish start
[2017-04-18 23:15:05.671] [INFO] pomelo - [32m[/Users/bingbing/QAJackPoject/QAJackPomelo/game-server/node_modules/pomelo/lib/application.js] [39m"connector-server-2" startup in 1027 ms
[2017-04-18 23:15:05.688] [DEBUG] pomelo - [36m[/Users/bingbing/QAJackPoject/QAJackPomelo/game-server/node_modules/pomelo/lib/modules/monitorwatcher.js] [39m[connector-server-2] receive addServer signal: {"action":"addServer","server":{"main":"/Users/bingbing/QAJackPoject/QAJackPomelo/game-server/app.js","env":"development","id":"connector-server-3","host":"127.0.0.1","port":4052,"clientPort":3052,"frontend":"true","serverType":"connector","pid":23273}}
[2017-04-18 23:20:48.381] [DEBUG] pomelo - [36m[/Users/bingbing/QAJackPoject/QAJackPomelo/game-server/node_modules/pomelo/lib/components/connector.js] [39m[connector-server-2] getSession session is created with session id: 1
[2017-04-18 23:20:48.403] [DEBUG] pomelo - [36m[/Users/bingbing/QAJackPoject/QAJackPomelo/game-server/node_modules/pomelo/lib/components/connector.js] [39m[connector-server-2] handleMessage session id: 1, msg: {"id":2,"type":0,"compressRoute":0,"route":"connector.entryHandler.enter","body":{"username":"a","roomid":"1"},"compressGzip":0}
[2017-04-18 23:20:48.408] [WARN] pomelo - [33m[/Users/bingbing/QAJackPoject/QAJackPomelo/game-server/node_modules/pomelo/lib/common/service/handlerService.js] [39mcould not find the method enter in handler: entryHandler
[2017-04-18 23:20:48.414] [ERROR] pomelo - [31m[/Users/bingbing/QAJackPoject/QAJackPomelo/game-server/node_modules/pomelo/lib/common/service/handlerService.js] [39m[handleManager]: fail to find handler for "connector.entryHandler.enter"
[2017-04-18 23:20:48.418] [DEBUG] pomelo - [36m[/Users/bingbing/QAJackPoject/QAJackPomelo/game-server/node_modules/pomelo/lib/server/server.js] [39mno default error handler to resolve unknown exception. Error: fail to find handler for connector.entryHandler.enter
    at Service.handle (/Users/bingbing/QAJackPoject/QAJackPomelo/game-server/node_modules/pomelo/lib/common/service/handlerService.js:35:30)
    at handle (/Users/bingbing/QAJackPoject/QAJackPomelo/game-server/node_modules/pomelo/lib/server/server.js:375:25)
    at next (/Users/bingbing/QAJackPoject/QAJackPomelo/game-server/node_modules/pomelo/lib/common/service/filterService.js:50:7)
    at Filter.before (/Users/bingbing/QAJackPoject/QAJackPomelo/game-server/node_modules/pomelo/lib/filters/handler/timeout.js:34:3)
    at next (/Users/bingbing/QAJackPoject/QAJackPomelo/game-server/node_modules/pomelo/lib/common/service/filterService.js:58:15)
    at Service.beforeFilter (/Users/bingbing/QAJackPoject/QAJackPomelo/game-server/node_modules/pomelo/lib/common/service/filterService.js:65:3)
    at beforeFilter (/Users/bingbing/QAJackPoject/QAJackPomelo/game-server/node_modules/pomelo/lib/server/server.js:242:8)
    at doHandle (/Users/bingbing/QAJackPoject/QAJackPomelo/game-server/node_modules/pomelo/lib/server/server.js:388:3)
    at dispatch (/Users/bingbing/QAJackPoject/QAJackPomelo/game-server/node_modules/pomelo/lib/server/server.js:107:7)
    at next (/Users/bingbing/QAJackPoject/QAJackPomelo/game-server/node_modules/pomelo/lib/common/service/filterService.js:50:7)
    at Service.beforeFilter (/Users/bingbing/QAJackPoject/QAJackPomelo/game-server/node_modules/pomelo/lib/common/service/filterService.js:65:3)
    at beforeFilter (/Users/bingbing/QAJackPoject/QAJackPomelo/game-server/node_modules/pomelo/lib/server/server.js:242:8)
    at Server.pro.globalHandle (/Users/bingbing/QAJackPoject/QAJackPomelo/game-server/node_modules/pomelo/lib/server/server.js:112:3)
    at Component.globalHandle (/Users/bingbing/QAJackPoject/QAJackPomelo/game-server/node_modules/pomelo/lib/components/server.js:74:14)
    at handleMessage (/Users/bingbing/QAJackPoject/QAJackPomelo/game-server/node_modules/pomelo/lib/components/connector.js:381:15)
    at Socket.<anonymous> (/Users/bingbing/QAJackPoject/QAJackPomelo/game-server/node_modules/pomelo/lib/components/connector.js:284:5)
[2017-04-18 23:20:48.421] [DEBUG] pomelo - [36m[/Users/bingbing/QAJackPoject/QAJackPomelo/game-server/node_modules/pomelo/lib/components/connector.js] [39m[connector-server-2] send message reqId: 2, route: connector.entryHandler.enter, msg: {"code":500}, receivers: [1], opts: {"type":"response","userOptions":{},"isResponse":true}
[2017-04-18 23:21:53.870] [INFO] pomelo - [32m[/Users/bingbing/QAJackPoject/QAJackPomelo/game-server/node_modules/pomelo/lib/application.js] [39mapplication inited: "connector-server-2"
[2017-04-18 23:21:55.461] [INFO] pomelo - [32m[/Users/bingbing/QAJackPoject/QAJackPomelo/game-server/node_modules/pomelo/lib/application.js] [39m"connector-server-2" enter after start...
[2017-04-18 23:21:55.464] [DEBUG] pomelo - [36m[/Users/bingbing/QAJackPoject/QAJackPomelo/game-server/node_modules/pomelo/lib/modules/monitorwatcher.js] [39m[connector-server-2] receive addServer signal: {"action":"addServer","server":{"main":"/Users/bingbing/QAJackPoject/QAJackPomelo/game-server/app.js","env":"development","id":"connector-server-3","host":"127.0.0.1","port":4052,"clientPort":3052,"frontend":"true","serverType":"connector","pid":23343}}
[2017-04-18 23:21:55.469] [INFO] pomelo - [32m[/Users/bingbing/QAJackPoject/QAJackPomelo/game-server/node_modules/pomelo/lib/application.js] [39m"connector-server-2" finish start
[2017-04-18 23:21:55.470] [INFO] pomelo - [32m[/Users/bingbing/QAJackPoject/QAJackPomelo/game-server/node_modules/pomelo/lib/application.js] [39m"connector-server-2" startup in 1195 ms
[2017-04-18 23:22:11.740] [DEBUG] pomelo - [36m[/Users/bingbing/QAJackPoject/QAJackPomelo/game-server/node_modules/pomelo/lib/components/connector.js] [39m[connector-server-2] getSession session is created with session id: 1
[2017-04-18 23:22:11.777] [DEBUG] pomelo - [36m[/Users/bingbing/QAJackPoject/QAJackPomelo/game-server/node_modules/pomelo/lib/components/connector.js] [39m[connector-server-2] handleMessage session id: 1, msg: {"id":2,"type":0,"compressRoute":1,"route":"connector.entryHandler.enter","body":{"username":"a","roomid":"1"},"compressGzip":0}
[2017-04-18 23:22:11.825] [DEBUG] pomelo - [36m[/Users/bingbing/QAJackPoject/QAJackPomelo/game-server/node_modules/pomelo/lib/components/connector.js] [39msession on [connector-server-2] bind with uid: a*1
[2017-04-18 23:22:14.786] [ERROR] pomelo - [31m[/Users/bingbing/QAJackPoject/QAJackPomelo/game-server/node_modules/pomelo/lib/filters/handler/timeout.js] [39mrequest "connector.entryHandler.enter" timeout.
[2017-04-18 23:23:24.388] [INFO] pomelo - [32m[/Users/bingbing/QAJackPoject/QAJackPomelo/game-server/node_modules/pomelo/lib/application.js] [39mapplication inited: "connector-server-2"
[2017-04-18 23:23:26.349] [INFO] pomelo - [32m[/Users/bingbing/QAJackPoject/QAJackPomelo/game-server/node_modules/pomelo/lib/application.js] [39m"connector-server-2" enter after start...
[2017-04-18 23:23:26.354] [INFO] pomelo - [32m[/Users/bingbing/QAJackPoject/QAJackPomelo/game-server/node_modules/pomelo/lib/application.js] [39m"connector-server-2" finish start
[2017-04-18 23:23:26.355] [INFO] pomelo - [32m[/Users/bingbing/QAJackPoject/QAJackPomelo/game-server/node_modules/pomelo/lib/application.js] [39m"connector-server-2" startup in 1519 ms
[2017-04-18 23:23:26.375] [DEBUG] pomelo - [36m[/Users/bingbing/QAJackPoject/QAJackPomelo/game-server/node_modules/pomelo/lib/modules/monitorwatcher.js] [39m[connector-server-2] receive addServer signal: {"action":"addServer","server":{"main":"/Users/bingbing/QAJackPoject/QAJackPomelo/game-server/app.js","env":"development","id":"connector-server-3","host":"127.0.0.1","port":4052,"clientPort":3052,"frontend":"true","serverType":"connector","pid":23377}}
[2017-04-18 23:23:31.700] [DEBUG] pomelo - [36m[/Users/bingbing/QAJackPoject/QAJackPomelo/game-server/node_modules/pomelo/lib/components/connector.js] [39m[connector-server-2] getSession session is created with session id: 1
[2017-04-18 23:23:31.734] [DEBUG] pomelo - [36m[/Users/bingbing/QAJackPoject/QAJackPomelo/game-server/node_modules/pomelo/lib/components/connector.js] [39m[connector-server-2] handleMessage session id: 1, msg: {"id":4,"type":0,"compressRoute":1,"route":"connector.entryHandler.enter","body":{"username":"a","roomid":"1"},"compressGzip":0}
[2017-04-18 23:23:31.776] [DEBUG] pomelo - [36m[/Users/bingbing/QAJackPoject/QAJackPomelo/game-server/node_modules/pomelo/lib/components/connector.js] [39msession on [connector-server-2] bind with uid: a*1
[2017-04-18 23:23:31.845] [DEBUG] pomelo - [36m[/Users/bingbing/QAJackPoject/QAJackPomelo/game-server/node_modules/pomelo/lib/common/remote/frontend/channelRemote.js] [39m[connector-server-2] pushMessage uids: ["a*1"], msg: {"route":"onJoin","roomid":1,"user":"a","locations":["a",null,null,null,null]}, sids: [1]
[2017-04-18 23:23:31.846] [DEBUG] pomelo - [36m[/Users/bingbing/QAJackPoject/QAJackPomelo/game-server/node_modules/pomelo/lib/components/connector.js] [39m[connector-server-2] send message reqId: null, route: onJoin, msg: {"route":"onJoin","roomid":1,"user":"a","locations":["a",null,null,null,null]}, receivers: [1], opts: {"type":"push","userOptions":{},"isPush":true}
[2017-04-18 23:23:34.746] [ERROR] pomelo - [31m[/Users/bingbing/QAJackPoject/QAJackPomelo/game-server/node_modules/pomelo/lib/filters/handler/timeout.js] [39mrequest "connector.entryHandler.enter" timeout.
[2017-04-18 23:23:53.207] [INFO] pomelo - [32m[/Users/bingbing/QAJackPoject/QAJackPomelo/game-server/node_modules/pomelo/lib/application.js] [39mapplication inited: "connector-server-2"
[2017-04-18 23:23:55.617] [INFO] pomelo - [32m[/Users/bingbing/QAJackPoject/QAJackPomelo/game-server/node_modules/pomelo/lib/application.js] [39m"connector-server-2" enter after start...
[2017-04-18 23:23:55.642] [INFO] pomelo - [32m[/Users/bingbing/QAJackPoject/QAJackPomelo/game-server/node_modules/pomelo/lib/application.js] [39m"connector-server-2" finish start
[2017-04-18 23:23:55.644] [INFO] pomelo - [32m[/Users/bingbing/QAJackPoject/QAJackPomelo/game-server/node_modules/pomelo/lib/application.js] [39m"connector-server-2" startup in 1990 ms
[2017-04-18 23:23:55.647] [DEBUG] pomelo - [36m[/Users/bingbing/QAJackPoject/QAJackPomelo/game-server/node_modules/pomelo/lib/modules/monitorwatcher.js] [39m[connector-server-2] receive addServer signal: {"action":"addServer","server":{"main":"/Users/bingbing/QAJackPoject/QAJackPomelo/game-server/app.js","env":"development","id":"connector-server-1","host":"127.0.0.1","port":4050,"clientPort":3050,"frontend":"true","serverType":"connector","pid":23389}}
[2017-04-18 23:23:55.650] [DEBUG] pomelo - [36m[/Users/bingbing/QAJackPoject/QAJackPomelo/game-server/node_modules/pomelo/lib/modules/monitorwatcher.js] [39m[connector-server-2] receive addServer signal: {"action":"addServer","server":{"main":"/Users/bingbing/QAJackPoject/QAJackPomelo/game-server/app.js","env":"development","id":"connector-server-3","host":"127.0.0.1","port":4052,"clientPort":3052,"frontend":"true","serverType":"connector","pid":23391}}
[2017-04-25 21:53:39.608] [INFO] pomelo - [32m[/Users/bingbing/QAJackPoject/QAJackPomelo/game-server/node_modules/pomelo/lib/application.js] [39mapplication inited: "connector-server-2"
[2017-04-25 21:53:41.488] [INFO] pomelo - [32m[/Users/bingbing/QAJackPoject/QAJackPomelo/game-server/node_modules/pomelo/lib/application.js] [39m"connector-server-2" enter after start...
[2017-04-25 21:53:41.494] [INFO] pomelo - [32m[/Users/bingbing/QAJackPoject/QAJackPomelo/game-server/node_modules/pomelo/lib/application.js] [39m"connector-server-2" finish start
[2017-04-25 21:53:41.494] [INFO] pomelo - [32m[/Users/bingbing/QAJackPoject/QAJackPomelo/game-server/node_modules/pomelo/lib/application.js] [39m"connector-server-2" startup in 1417 ms
[2017-04-25 21:53:41.547] [DEBUG] pomelo - [36m[/Users/bingbing/QAJackPoject/QAJackPomelo/game-server/node_modules/pomelo/lib/modules/monitorwatcher.js] [39m[connector-server-2] receive addServer signal: {"action":"addServer","server":{"main":"/Users/bingbing/QAJackPoject/QAJackPomelo/game-server/app.js","env":"development","id":"connector-server-3","host":"127.0.0.1","port":4052,"clientPort":3052,"frontend":"true","serverType":"connector","pid":9213}}
[2017-04-25 21:53:41.559] [DEBUG] pomelo - [36m[/Users/bingbing/QAJackPoject/QAJackPomelo/game-server/node_modules/pomelo/lib/modules/monitorwatcher.js] [39m[connector-server-2] receive addServer signal: {"action":"addServer","server":{"main":"/Users/bingbing/QAJackPoject/QAJackPomelo/game-server/app.js","env":"development","id":"chat-server-3","host":"127.0.0.1","port":7052,"serverType":"room","pid":9216}}
[2017-04-25 21:53:41.574] [DEBUG] pomelo - [36m[/Users/bingbing/QAJackPoject/QAJackPomelo/game-server/node_modules/pomelo/lib/modules/monitorwatcher.js] [39m[connector-server-2] receive addServer signal: {"action":"addServer","server":{"main":"/Users/bingbing/QAJackPoject/QAJackPomelo/game-server/app.js","env":"development","id":"connector-server-1","host":"127.0.0.1","port":4050,"clientPort":3050,"frontend":"true","serverType":"connector","pid":9211}}
[2017-04-25 21:59:01.122] [INFO] pomelo - [32m[/Users/bingbing/QAJackPoject/QAJackPomelo/game-server/node_modules/pomelo/lib/application.js] [39mapplication inited: "connector-server-2"
[2017-04-25 21:59:02.914] [INFO] pomelo - [32m[/Users/bingbing/QAJackPoject/QAJackPomelo/game-server/node_modules/pomelo/lib/application.js] [39m"connector-server-2" enter after start...
[2017-04-25 21:59:02.919] [INFO] pomelo - [32m[/Users/bingbing/QAJackPoject/QAJackPomelo/game-server/node_modules/pomelo/lib/application.js] [39m"connector-server-2" finish start
[2017-04-25 21:59:02.919] [INFO] pomelo - [32m[/Users/bingbing/QAJackPoject/QAJackPomelo/game-server/node_modules/pomelo/lib/application.js] [39m"connector-server-2" startup in 1373 ms
[2017-04-25 21:59:02.950] [DEBUG] pomelo - [36m[/Users/bingbing/QAJackPoject/QAJackPomelo/game-server/node_modules/pomelo/lib/modules/monitorwatcher.js] [39m[connector-server-2] receive addServer signal: {"action":"addServer","server":{"main":"/Users/bingbing/QAJackPoject/QAJackPomelo/game-server/app.js","env":"development","id":"connector-server-3","host":"127.0.0.1","port":4052,"clientPort":3052,"frontend":"true","serverType":"connector","pid":9278}}
[2017-04-25 22:01:01.847] [INFO] pomelo - [32m[/Users/bingbing/QAJackPoject/QAJackPomelo/game-server/node_modules/pomelo/lib/application.js] [39mapplication inited: "connector-server-2"
[2017-04-25 22:01:03.686] [INFO] pomelo - [32m[/Users/bingbing/QAJackPoject/QAJackPomelo/game-server/node_modules/pomelo/lib/application.js] [39m"connector-server-2" enter after start...
[2017-04-25 22:01:03.696] [INFO] pomelo - [32m[/Users/bingbing/QAJackPoject/QAJackPomelo/game-server/node_modules/pomelo/lib/application.js] [39m"connector-server-2" finish start
[2017-04-25 22:01:03.697] [INFO] pomelo - [32m[/Users/bingbing/QAJackPoject/QAJackPomelo/game-server/node_modules/pomelo/lib/application.js] [39m"connector-server-2" startup in 1378 ms
[2017-04-25 22:03:41.726] [INFO] pomelo - [32m[/Users/bingbing/QAJackPoject/QAJackPomelo/game-server/node_modules/pomelo/lib/application.js] [39mapplication inited: "connector-server-2"
[2017-04-25 22:03:43.651] [INFO] pomelo - [32m[/Users/bingbing/QAJackPoject/QAJackPomelo/game-server/node_modules/pomelo/lib/application.js] [39m"connector-server-2" enter after start...
[2017-04-25 22:03:43.653] [DEBUG] pomelo - [36m[/Users/bingbing/QAJackPoject/QAJackPomelo/game-server/node_modules/pomelo/lib/modules/monitorwatcher.js] [39m[connector-server-2] receive addServer signal: {"action":"addServer","server":{"main":"/Users/bingbing/QAJackPoject/QAJackPomelo/game-server/app.js","env":"development","id":"connector-server-1","host":"127.0.0.1","port":4050,"clientPort":3050,"frontend":"true","serverType":"connector","pid":9599}}
[2017-04-25 22:03:43.661] [INFO] pomelo - [32m[/Users/bingbing/QAJackPoject/QAJackPomelo/game-server/node_modules/pomelo/lib/application.js] [39m"connector-server-2" finish start
[2017-04-25 22:03:43.661] [INFO] pomelo - [32m[/Users/bingbing/QAJackPoject/QAJackPomelo/game-server/node_modules/pomelo/lib/application.js] [39m"connector-server-2" startup in 1480 ms
[2017-04-25 22:03:43.682] [DEBUG] pomelo - [36m[/Users/bingbing/QAJackPoject/QAJackPomelo/game-server/node_modules/pomelo/lib/modules/monitorwatcher.js] [39m[connector-server-2] receive addServer signal: {"action":"addServer","server":{"main":"/Users/bingbing/QAJackPoject/QAJackPomelo/game-server/app.js","env":"development","id":"connector-server-3","host":"127.0.0.1","port":4052,"clientPort":3052,"frontend":"true","serverType":"connector","pid":9601}}
[2017-04-25 22:31:30.706] [DEBUG] pomelo - [36m[/Users/bingbing/QAJackPoject/QAJackPomelo/game-server/node_modules/pomelo/lib/components/connector.js] [39m[connector-server-2] getSession session is created with session id: 1
[2017-04-25 22:31:30.732] [DEBUG] pomelo - [36m[/Users/bingbing/QAJackPoject/QAJackPomelo/game-server/node_modules/pomelo/lib/components/connector.js] [39m[connector-server-2] handleMessage session id: 1, msg: {"id":2,"type":0,"compressRoute":0,"route":"connector.entryHandler.entry","body":{"token":"c52e6b296397f2285f57732078335494"},"compressGzip":0}
[2017-04-25 22:31:30.740] [WARN] pomelo - [33m[/Users/bingbing/QAJackPoject/QAJackPomelo/game-server/node_modules/pomelo/lib/common/service/handlerService.js] [39mcould not find the method entry in handler: entryHandler
[2017-04-25 22:31:30.741] [ERROR] pomelo - [31m[/Users/bingbing/QAJackPoject/QAJackPomelo/game-server/node_modules/pomelo/lib/common/service/handlerService.js] [39m[handleManager]: fail to find handler for "connector.entryHandler.entry"
[2017-04-25 22:31:30.742] [DEBUG] pomelo - [36m[/Users/bingbing/QAJackPoject/QAJackPomelo/game-server/node_modules/pomelo/lib/server/server.js] [39mno default error handler to resolve unknown exception. Error: fail to find handler for connector.entryHandler.entry
    at Service.handle (/Users/bingbing/QAJackPoject/QAJackPomelo/game-server/node_modules/pomelo/lib/common/service/handlerService.js:35:30)
    at handle (/Users/bingbing/QAJackPoject/QAJackPomelo/game-server/node_modules/pomelo/lib/server/server.js:375:25)
    at next (/Users/bingbing/QAJackPoject/QAJackPomelo/game-server/node_modules/pomelo/lib/common/service/filterService.js:50:7)
    at Filter.before (/Users/bingbing/QAJackPoject/QAJackPomelo/game-server/node_modules/pomelo/lib/filters/handler/timeout.js:34:3)
    at next (/Users/bingbing/QAJackPoject/QAJackPomelo/game-server/node_modules/pomelo/lib/common/service/filterService.js:58:15)
    at Service.beforeFilter (/Users/bingbing/QAJackPoject/QAJackPomelo/game-server/node_modules/pomelo/lib/common/service/filterService.js:65:3)
    at beforeFilter (/Users/bingbing/QAJackPoject/QAJackPomelo/game-server/node_modules/pomelo/lib/server/server.js:242:8)
    at doHandle (/Users/bingbing/QAJackPoject/QAJackPomelo/game-server/node_modules/pomelo/lib/server/server.js:388:3)
    at dispatch (/Users/bingbing/QAJackPoject/QAJackPomelo/game-server/node_modules/pomelo/lib/server/server.js:107:7)
    at next (/Users/bingbing/QAJackPoject/QAJackPomelo/game-server/node_modules/pomelo/lib/common/service/filterService.js:50:7)
    at Service.beforeFilter (/Users/bingbing/QAJackPoject/QAJackPomelo/game-server/node_modules/pomelo/lib/common/service/filterService.js:65:3)
    at beforeFilter (/Users/bingbing/QAJackPoject/QAJackPomelo/game-server/node_modules/pomelo/lib/server/server.js:242:8)
    at Server.pro.globalHandle (/Users/bingbing/QAJackPoject/QAJackPomelo/game-server/node_modules/pomelo/lib/server/server.js:112:3)
    at Component.globalHandle (/Users/bingbing/QAJackPoject/QAJackPomelo/game-server/node_modules/pomelo/lib/components/server.js:74:14)
    at handleMessage (/Users/bingbing/QAJackPoject/QAJackPomelo/game-server/node_modules/pomelo/lib/components/connector.js:381:15)
    at Socket.<anonymous> (/Users/bingbing/QAJackPoject/QAJackPomelo/game-server/node_modules/pomelo/lib/components/connector.js:284:5)
[2017-04-25 22:31:30.743] [DEBUG] pomelo - [36m[/Users/bingbing/QAJackPoject/QAJackPomelo/game-server/node_modules/pomelo/lib/components/connector.js] [39m[connector-server-2] send message reqId: 2, route: connector.entryHandler.entry, msg: {"code":500}, receivers: [1], opts: {"type":"response","userOptions":{},"isResponse":true}
[2017-04-25 22:31:36.733] [INFO] pomelo - [32m[/Users/bingbing/QAJackPoject/QAJackPomelo/game-server/node_modules/pomelo/lib/connectors/commands/heartbeat.js] [39mclient 1 heartbeat timeout.
[2017-04-25 22:31:36.734] [DEBUG] pomelo - [36m[/Users/bingbing/QAJackPoject/QAJackPomelo/game-server/node_modules/pomelo/lib/common/service/sessionService.js] [39msession on [connector-server-2] is closed with session id: 1
[2017-04-25 22:34:27.217] [INFO] pomelo - [32m[/Users/bingbing/QAJackPoject/QAJackPomelo/game-server/node_modules/pomelo/lib/application.js] [39mapplication inited: "connector-server-2"
[2017-04-25 22:34:50.365] [INFO] pomelo - [32m[/Users/bingbing/QAJackPoject/QAJackPomelo/game-server/node_modules/pomelo/lib/application.js] [39mapplication inited: "connector-server-2"
[2017-04-25 22:34:52.271] [INFO] pomelo - [32m[/Users/bingbing/QAJackPoject/QAJackPomelo/game-server/node_modules/pomelo/lib/application.js] [39m"connector-server-2" enter after start...
[2017-04-25 22:34:52.277] [INFO] pomelo - [32m[/Users/bingbing/QAJackPoject/QAJackPomelo/game-server/node_modules/pomelo/lib/application.js] [39m"connector-server-2" finish start
[2017-04-25 22:34:52.302] [INFO] pomelo - [32m[/Users/bingbing/QAJackPoject/QAJackPomelo/game-server/node_modules/pomelo/lib/application.js] [39m"connector-server-2" startup in 1517 ms
[2017-04-25 22:34:52.305] [DEBUG] pomelo - [36m[/Users/bingbing/QAJackPoject/QAJackPomelo/game-server/node_modules/pomelo/lib/modules/monitorwatcher.js] [39m[connector-server-2] receive addServer signal: {"action":"addServer","server":{"main":"/Users/bingbing/QAJackPoject/QAJackPomelo/game-server/app.js","env":"development","id":"chat-server-2","host":"127.0.0.1","port":7051,"serverType":"room","pid":9983}}
[2017-04-25 22:35:25.745] [INFO] pomelo - [32m[/Users/bingbing/QAJackPoject/QAJackPomelo/game-server/node_modules/pomelo/lib/application.js] [39mapplication inited: "connector-server-2"
[2017-04-25 22:35:27.776] [INFO] pomelo - [32m[/Users/bingbing/QAJackPoject/QAJackPomelo/game-server/node_modules/pomelo/lib/application.js] [39m"connector-server-2" enter after start...
[2017-04-25 22:35:27.782] [INFO] pomelo - [32m[/Users/bingbing/QAJackPoject/QAJackPomelo/game-server/node_modules/pomelo/lib/application.js] [39m"connector-server-2" finish start
[2017-04-25 22:35:27.783] [INFO] pomelo - [32m[/Users/bingbing/QAJackPoject/QAJackPomelo/game-server/node_modules/pomelo/lib/application.js] [39m"connector-server-2" startup in 1602 ms
[2017-04-26 20:24:22.397] [INFO] pomelo - [32m[/Users/bingbing/QAJackPoject/QAJackPomelo/game-server/node_modules/pomelo/lib/application.js] [39mapplication inited: "connector-server-2"
[2017-04-26 20:24:24.170] [INFO] pomelo - [32m[/Users/bingbing/QAJackPoject/QAJackPomelo/game-server/node_modules/pomelo/lib/application.js] [39m"connector-server-2" enter after start...
[2017-04-26 20:24:24.177] [INFO] pomelo - [32m[/Users/bingbing/QAJackPoject/QAJackPomelo/game-server/node_modules/pomelo/lib/application.js] [39m"connector-server-2" finish start
[2017-04-26 20:24:24.178] [INFO] pomelo - [32m[/Users/bingbing/QAJackPoject/QAJackPomelo/game-server/node_modules/pomelo/lib/application.js] [39m"connector-server-2" startup in 1434 ms
[2017-04-26 20:24:24.181] [DEBUG] pomelo - [36m[/Users/bingbing/QAJackPoject/QAJackPomelo/game-server/node_modules/pomelo/lib/modules/monitorwatcher.js] [39m[connector-server-2] receive addServer signal: {"action":"addServer","server":{"main":"/Users/bingbing/QAJackPoject/QAJackPomelo/game-server/app.js","env":"development","id":"connector-server-3","host":"127.0.0.1","port":4052,"clientPort":3052,"frontend":"true","serverType":"connector","pid":11724}}
[2017-04-26 20:24:24.534] [DEBUG] pomelo - [36m[/Users/bingbing/QAJackPoject/QAJackPomelo/game-server/node_modules/pomelo/lib/modules/monitorwatcher.js] [39m[connector-server-2] receive addServer signal: {"action":"addServer","server":{"main":"/Users/bingbing/QAJackPoject/QAJackPomelo/game-server/app.js","env":"development","id":"chat-server-2","host":"127.0.0.1","port":7051,"serverType":"room","pid":11726}}
[2017-04-26 20:35:59.591] [INFO] pomelo - [32m[/Users/bingbing/QAJackPoject/QAJackPomelo/game-server/node_modules/pomelo/lib/application.js] [39mapplication inited: "connector-server-2"
[2017-04-26 20:36:01.575] [INFO] pomelo - [32m[/Users/bingbing/QAJackPoject/QAJackPomelo/game-server/node_modules/pomelo/lib/application.js] [39m"connector-server-2" enter after start...
[2017-04-26 20:36:01.583] [INFO] pomelo - [32m[/Users/bingbing/QAJackPoject/QAJackPomelo/game-server/node_modules/pomelo/lib/application.js] [39m"connector-server-2" finish start
[2017-04-26 20:36:01.584] [INFO] pomelo - [32m[/Users/bingbing/QAJackPoject/QAJackPomelo/game-server/node_modules/pomelo/lib/application.js] [39m"connector-server-2" startup in 1568 ms
[2017-04-26 20:40:31.491] [INFO] pomelo - [32m[/Users/bingbing/QAJackPoject/QAJackPomelo/game-server/node_modules/pomelo/lib/application.js] [39mapplication inited: "connector-server-2"
[2017-04-26 20:40:33.399] [INFO] pomelo - [32m[/Users/bingbing/QAJackPoject/QAJackPomelo/game-server/node_modules/pomelo/lib/application.js] [39m"connector-server-2" enter after start...
[2017-04-26 20:40:33.406] [INFO] pomelo - [32m[/Users/bingbing/QAJackPoject/QAJackPomelo/game-server/node_modules/pomelo/lib/application.js] [39m"connector-server-2" finish start
[2017-04-26 20:40:33.407] [INFO] pomelo - [32m[/Users/bingbing/QAJackPoject/QAJackPomelo/game-server/node_modules/pomelo/lib/application.js] [39m"connector-server-2" startup in 1429 ms
[2017-04-26 20:40:33.426] [DEBUG] pomelo - [36m[/Users/bingbing/QAJackPoject/QAJackPomelo/game-server/node_modules/pomelo/lib/modules/monitorwatcher.js] [39m[connector-server-2] receive addServer signal: {"action":"addServer","server":{"main":"/Users/bingbing/QAJackPoject/QAJackPomelo/game-server/app.js","env":"development","id":"connector-server-3","host":"127.0.0.1","port":4052,"clientPort":3052,"frontend":"true","serverType":"connector","pid":11965}}
[2017-04-26 20:40:33.431] [DEBUG] pomelo - [36m[/Users/bingbing/QAJackPoject/QAJackPomelo/game-server/node_modules/pomelo/lib/modules/monitorwatcher.js] [39m[connector-server-2] receive addServer signal: {"action":"addServer","server":{"main":"/Users/bingbing/QAJackPoject/QAJackPomelo/game-server/app.js","env":"development","id":"connector-server-1","host":"127.0.0.1","port":4050,"clientPort":3050,"frontend":"true","serverType":"connector","pid":11963}}
[2017-04-26 20:40:38.038] [DEBUG] pomelo - [36m[/Users/bingbing/QAJackPoject/QAJackPomelo/game-server/node_modules/pomelo/lib/components/connector.js] [39m[connector-server-2] getSession session is created with session id: 1
[2017-04-26 20:40:38.067] [DEBUG] pomelo - [36m[/Users/bingbing/QAJackPoject/QAJackPomelo/game-server/node_modules/pomelo/lib/components/connector.js] [39m[connector-server-2] handleMessage session id: 1, msg: {"id":8,"type":0,"compressRoute":1,"route":"connector.entryHandler.entry","body":{"token":"55239f13e64594a672e387979f8960a6"},"compressGzip":0}
[2017-04-26 20:40:38.288] [DEBUG] pomelo - [36m[/Users/bingbing/QAJackPoject/QAJackPomelo/game-server/node_modules/pomelo/lib/common/service/sessionService.js] [39msession on [connector-server-2] is closed with session id: 1
[2017-04-26 20:40:41.074] [ERROR] pomelo - [31m[/Users/bingbing/QAJackPoject/QAJackPomelo/game-server/node_modules/pomelo/lib/filters/handler/timeout.js] [39mrequest "connector.entryHandler.entry" timeout.
[2017-04-26 20:45:10.743] [INFO] pomelo - [32m[/Users/bingbing/QAJackPoject/QAJackPomelo/game-server/node_modules/pomelo/lib/application.js] [39mapplication inited: "connector-server-2"
[2017-04-26 20:45:12.607] [INFO] pomelo - [32m[/Users/bingbing/QAJackPoject/QAJackPomelo/game-server/node_modules/pomelo/lib/application.js] [39m"connector-server-2" enter after start...
[2017-04-26 20:45:12.618] [INFO] pomelo - [32m[/Users/bingbing/QAJackPoject/QAJackPomelo/game-server/node_modules/pomelo/lib/application.js] [39m"connector-server-2" finish start
[2017-04-26 20:45:12.620] [INFO] pomelo - [32m[/Users/bingbing/QAJackPoject/QAJackPomelo/game-server/node_modules/pomelo/lib/application.js] [39m"connector-server-2" startup in 1397 ms
[2017-04-26 20:45:12.623] [DEBUG] pomelo - [36m[/Users/bingbing/QAJackPoject/QAJackPomelo/game-server/node_modules/pomelo/lib/modules/monitorwatcher.js] [39m[connector-server-2] receive addServer signal: {"action":"addServer","server":{"main":"/Users/bingbing/QAJackPoject/QAJackPomelo/game-server/app.js","env":"development","id":"connector-server-3","host":"127.0.0.1","port":4052,"clientPort":3052,"frontend":"true","serverType":"connector","pid":12027}}
[2017-04-26 20:46:20.425] [INFO] pomelo - [32m[/Users/bingbing/QAJackPoject/QAJackPomelo/game-server/node_modules/pomelo/lib/application.js] [39mapplication inited: "connector-server-2"
[2017-04-26 20:46:22.529] [INFO] pomelo - [32m[/Users/bingbing/QAJackPoject/QAJackPomelo/game-server/node_modules/pomelo/lib/application.js] [39m"connector-server-2" enter after start...
[2017-04-26 20:46:22.535] [INFO] pomelo - [32m[/Users/bingbing/QAJackPoject/QAJackPomelo/game-server/node_modules/pomelo/lib/application.js] [39m"connector-server-2" finish start
[2017-04-26 20:46:22.537] [INFO] pomelo - [32m[/Users/bingbing/QAJackPoject/QAJackPomelo/game-server/node_modules/pomelo/lib/application.js] [39m"connector-server-2" startup in 1674 ms
[2017-04-26 20:46:22.664] [DEBUG] pomelo - [36m[/Users/bingbing/QAJackPoject/QAJackPomelo/game-server/node_modules/pomelo/lib/modules/monitorwatcher.js] [39m[connector-server-2] receive addServer signal: {"action":"addServer","server":{"main":"/Users/bingbing/QAJackPoject/QAJackPomelo/game-server/app.js","env":"development","id":"gate-server-1","host":"127.0.0.1","clientPort":3014,"frontend":"true","serverType":"gate","pid":12054}}
[2017-04-26 20:47:16.386] [INFO] pomelo - [32m[/Users/bingbing/QAJackPoject/QAJackPomelo/game-server/node_modules/pomelo/lib/application.js] [39mapplication inited: "connector-server-2"
[2017-04-26 20:47:18.447] [INFO] pomelo - [32m[/Users/bingbing/QAJackPoject/QAJackPomelo/game-server/node_modules/pomelo/lib/application.js] [39m"connector-server-2" enter after start...
[2017-04-26 20:47:18.453] [INFO] pomelo - [32m[/Users/bingbing/QAJackPoject/QAJackPomelo/game-server/node_modules/pomelo/lib/application.js] [39m"connector-server-2" finish start
[2017-04-26 20:47:18.453] [INFO] pomelo - [32m[/Users/bingbing/QAJackPoject/QAJackPomelo/game-server/node_modules/pomelo/lib/application.js] [39m"connector-server-2" startup in 1521 ms
[2017-04-26 20:47:18.455] [DEBUG] pomelo - [36m[/Users/bingbing/QAJackPoject/QAJackPomelo/game-server/node_modules/pomelo/lib/modules/monitorwatcher.js] [39m[connector-server-2] receive addServer signal: {"action":"addServer","server":{"main":"/Users/bingbing/QAJackPoject/QAJackPomelo/game-server/app.js","env":"development","id":"connector-server-3","host":"127.0.0.1","port":4052,"clientPort":3052,"frontend":"true","serverType":"connector","pid":12137}}
[2017-04-26 20:48:51.714] [INFO] pomelo - [32m[/Users/bingbing/QAJackPoject/QAJackPomelo/game-server/node_modules/pomelo/lib/application.js] [39mapplication inited: "connector-server-2"
[2017-04-26 20:48:53.919] [INFO] pomelo - [32m[/Users/bingbing/QAJackPoject/QAJackPomelo/game-server/node_modules/pomelo/lib/application.js] [39m"connector-server-2" enter after start...
[2017-04-26 20:48:53.924] [INFO] pomelo - [32m[/Users/bingbing/QAJackPoject/QAJackPomelo/game-server/node_modules/pomelo/lib/application.js] [39m"connector-server-2" finish start
[2017-04-26 20:48:53.925] [INFO] pomelo - [32m[/Users/bingbing/QAJackPoject/QAJackPomelo/game-server/node_modules/pomelo/lib/application.js] [39m"connector-server-2" startup in 1624 ms
[2017-04-26 20:48:53.973] [DEBUG] pomelo - [36m[/Users/bingbing/QAJackPoject/QAJackPomelo/game-server/node_modules/pomelo/lib/modules/monitorwatcher.js] [39m[connector-server-2] receive addServer signal: {"action":"addServer","server":{"main":"/Users/bingbing/QAJackPoject/QAJackPomelo/game-server/app.js","env":"development","id":"connector-server-1","host":"127.0.0.1","port":4050,"clientPort":3050,"frontend":"true","serverType":"connector","pid":12258}}
[2017-04-26 20:50:07.709] [INFO] pomelo - [32m[/Users/bingbing/QAJackPoject/QAJackPomelo/game-server/node_modules/pomelo/lib/application.js] [39mapplication inited: "connector-server-2"
[2017-04-26 20:50:09.746] [INFO] pomelo - [32m[/Users/bingbing/QAJackPoject/QAJackPomelo/game-server/node_modules/pomelo/lib/application.js] [39m"connector-server-2" enter after start...
[2017-04-26 20:50:09.766] [INFO] pomelo - [32m[/Users/bingbing/QAJackPoject/QAJackPomelo/game-server/node_modules/pomelo/lib/application.js] [39m"connector-server-2" finish start
[2017-04-26 20:50:09.767] [INFO] pomelo - [32m[/Users/bingbing/QAJackPoject/QAJackPomelo/game-server/node_modules/pomelo/lib/application.js] [39m"connector-server-2" startup in 1520 ms
[2017-04-26 20:50:09.769] [DEBUG] pomelo - [36m[/Users/bingbing/QAJackPoject/QAJackPomelo/game-server/node_modules/pomelo/lib/modules/monitorwatcher.js] [39m[connector-server-2] receive addServer signal: {"action":"addServer","server":{"main":"/Users/bingbing/QAJackPoject/QAJackPomelo/game-server/app.js","env":"development","id":"connector-server-1","host":"127.0.0.1","port":4050,"clientPort":3050,"frontend":"true","serverType":"connector","pid":12384}}
[2017-04-26 20:51:48.830] [INFO] pomelo - [32m[/Users/bingbing/QAJackPoject/QAJackPomelo/game-server/node_modules/pomelo/lib/application.js] [39mapplication inited: "connector-server-2"
[2017-04-26 20:51:51.561] [INFO] pomelo - [32m[/Users/bingbing/QAJackPoject/QAJackPomelo/game-server/node_modules/pomelo/lib/application.js] [39m"connector-server-2" enter after start...
[2017-04-26 20:51:51.568] [INFO] pomelo - [32m[/Users/bingbing/QAJackPoject/QAJackPomelo/game-server/node_modules/pomelo/lib/application.js] [39m"connector-server-2" finish start
[2017-04-26 20:51:51.580] [INFO] pomelo - [32m[/Users/bingbing/QAJackPoject/QAJackPomelo/game-server/node_modules/pomelo/lib/application.js] [39m"connector-server-2" startup in 2205 ms
[2017-04-26 21:19:09.546] [INFO] pomelo - [32m[/Users/bingbing/QAJackPoject/QAJackPomelo/game-server/node_modules/pomelo/lib/application.js] [39mapplication inited: "connector-server-2"
[2017-04-26 21:19:12.136] [INFO] pomelo - [32m[/Users/bingbing/QAJackPoject/QAJackPomelo/game-server/node_modules/pomelo/lib/application.js] [39m"connector-server-2" enter after start...
[2017-04-26 21:19:12.144] [INFO] pomelo - [32m[/Users/bingbing/QAJackPoject/QAJackPomelo/game-server/node_modules/pomelo/lib/application.js] [39m"connector-server-2" finish start
[2017-04-26 21:19:12.144] [INFO] pomelo - [32m[/Users/bingbing/QAJackPoject/QAJackPomelo/game-server/node_modules/pomelo/lib/application.js] [39m"connector-server-2" startup in 1812 ms
[2017-04-26 21:19:12.146] [DEBUG] pomelo - [36m[/Users/bingbing/QAJackPoject/QAJackPomelo/game-server/node_modules/pomelo/lib/modules/monitorwatcher.js] [39m[connector-server-2] receive addServer signal: {"action":"addServer","server":{"main":"/Users/bingbing/QAJackPoject/QAJackPomelo/game-server/app.js","env":"development","id":"connector-server-3","host":"127.0.0.1","port":4052,"clientPort":3052,"frontend":"true","serverType":"connector","pid":12717}}
[2017-04-26 21:19:12.148] [DEBUG] pomelo - [36m[/Users/bingbing/QAJackPoject/QAJackPomelo/game-server/node_modules/pomelo/lib/modules/monitorwatcher.js] [39m[connector-server-2] receive addServer signal: {"action":"addServer","server":{"main":"/Users/bingbing/QAJackPoject/QAJackPomelo/game-server/app.js","env":"development","id":"connector-server-1","host":"127.0.0.1","port":4050,"clientPort":3050,"frontend":"true","serverType":"connector","pid":12715}}
[2017-04-26 21:22:55.291] [DEBUG] pomelo - [36m[/Users/bingbing/QAJackPoject/QAJackPomelo/game-server/node_modules/pomelo/lib/components/connector.js] [39m[connector-server-2] getSession session is created with session id: 1
[2017-04-26 21:22:55.315] [DEBUG] pomelo - [36m[/Users/bingbing/QAJackPoject/QAJackPomelo/game-server/node_modules/pomelo/lib/components/connector.js] [39m[connector-server-2] handleMessage session id: 1, msg: {"id":20,"type":0,"compressRoute":1,"route":"connector.entryHandler.entry","body":{"token":"a535caa0c213142b7486cf663e458bbb"},"compressGzip":0}
[2017-04-26 21:22:58.322] [ERROR] pomelo - [31m[/Users/bingbing/QAJackPoject/QAJackPomelo/game-server/node_modules/pomelo/lib/filters/handler/timeout.js] [39mrequest "connector.entryHandler.entry" timeout.
[2017-04-26 22:00:06.013] [DEBUG] pomelo - [36m[/Users/bingbing/QAJackPoject/QAJackPomelo/game-server/node_modules/pomelo/lib/common/service/sessionService.js] [39msession on [connector-server-2] is closed with session id: 1
