[2017-04-18 22:59:46.418] [INFO] pomelo - [32m[/Users/bingbing/QAJackPoject/QAJackPomelo/game-server/node_modules/pomelo/lib/application.js] [39mapplication inited: "connector-server-1"
[2017-04-18 22:59:47.676] [INFO] pomelo - [32m[/Users/bingbing/QAJackPoject/QAJackPomelo/game-server/node_modules/pomelo/lib/application.js] [39m"connector-server-1" enter after start...
[2017-04-18 22:59:47.683] [INFO] pomelo - [32m[/Users/bingbing/QAJackPoject/QAJackPomelo/game-server/node_modules/pomelo/lib/application.js] [39m"connector-server-1" finish start
[2017-04-18 22:59:47.684] [INFO] pomelo - [32m[/Users/bingbing/QAJackPoject/QAJackPomelo/game-server/node_modules/pomelo/lib/application.js] [39m"connector-server-1" startup in 1013 ms
[2017-04-18 22:59:47.685] [DEBUG] pomelo - [36m[/Users/bingbing/QAJackPoject/QAJackPomelo/game-server/node_modules/pomelo/lib/modules/monitorwatcher.js] [39m[connector-server-1] receive addServer signal: {"action":"addServer","server":{"main":"/Users/bingbing/QAJackPoject/QAJackPomelo/game-server/app.js","env":"development","id":"connector-server-3","host":"127.0.0.1","port":4052,"clientPort":3052,"frontend":"true","serverType":"connector","pid":23099}}
[2017-04-18 23:01:34.556] [INFO] pomelo - [32m[/Users/bingbing/QAJackPoject/QAJackPomelo/game-server/node_modules/pomelo/lib/application.js] [39mapplication inited: "connector-server-1"
[2017-04-18 23:01:35.750] [INFO] pomelo - [32m[/Users/bingbing/QAJackPoject/QAJackPomelo/game-server/node_modules/pomelo/lib/application.js] [39m"connector-server-1" enter after start...
[2017-04-18 23:01:35.754] [INFO] pomelo - [32m[/Users/bingbing/QAJackPoject/QAJackPomelo/game-server/node_modules/pomelo/lib/application.js] [39m"connector-server-1" finish start
[2017-04-18 23:01:35.755] [INFO] pomelo - [32m[/Users/bingbing/QAJackPoject/QAJackPomelo/game-server/node_modules/pomelo/lib/application.js] [39m"connector-server-1" startup in 794 ms
[2017-04-18 23:01:35.774] [DEBUG] pomelo - [36m[/Users/bingbing/QAJackPoject/QAJackPomelo/game-server/node_modules/pomelo/lib/modules/monitorwatcher.js] [39m[connector-server-1] receive addServer signal: {"action":"addServer","server":{"main":"/Users/bingbing/QAJackPoject/QAJackPomelo/game-server/app.js","env":"development","id":"connector-server-2","host":"127.0.0.1","port":4051,"clientPort":3051,"frontend":"true","serverType":"connector","pid":23128}}
[2017-04-18 23:01:35.803] [DEBUG] pomelo - [36m[/Users/bingbing/QAJackPoject/QAJackPomelo/game-server/node_modules/pomelo/lib/modules/monitorwatcher.js] [39m[connector-server-1] receive addServer signal: {"action":"addServer","server":{"main":"/Users/bingbing/QAJackPoject/QAJackPomelo/game-server/app.js","env":"development","id":"connector-server-3","host":"127.0.0.1","port":4052,"clientPort":3052,"frontend":"true","serverType":"connector","pid":23129}}
[2017-04-18 23:14:02.502] [INFO] pomelo - [32m[/Users/bingbing/QAJackPoject/QAJackPomelo/game-server/node_modules/pomelo/lib/application.js] [39mapplication inited: "connector-server-1"
[2017-04-18 23:14:33.755] [INFO] pomelo - [32m[/Users/bingbing/QAJackPoject/QAJackPomelo/game-server/node_modules/pomelo/lib/application.js] [39mapplication inited: "connector-server-1"
[2017-04-18 23:15:04.259] [INFO] pomelo - [32m[/Users/bingbing/QAJackPoject/QAJackPomelo/game-server/node_modules/pomelo/lib/application.js] [39mapplication inited: "connector-server-1"
[2017-04-18 23:15:05.655] [INFO] pomelo - [32m[/Users/bingbing/QAJackPoject/QAJackPomelo/game-server/node_modules/pomelo/lib/application.js] [39m"connector-server-1" enter after start...
[2017-04-18 23:15:05.664] [INFO] pomelo - [32m[/Users/bingbing/QAJackPoject/QAJackPomelo/game-server/node_modules/pomelo/lib/application.js] [39m"connector-server-1" finish start
[2017-04-18 23:15:05.665] [INFO] pomelo - [32m[/Users/bingbing/QAJackPoject/QAJackPomelo/game-server/node_modules/pomelo/lib/application.js] [39m"connector-server-1" startup in 995 ms
[2017-04-18 23:15:05.679] [DEBUG] pomelo - [36m[/Users/bingbing/QAJackPoject/QAJackPomelo/game-server/node_modules/pomelo/lib/modules/monitorwatcher.js] [39m[connector-server-1] receive addServer signal: {"action":"addServer","server":{"main":"/Users/bingbing/QAJackPoject/QAJackPomelo/game-server/app.js","env":"development","id":"connector-server-3","host":"127.0.0.1","port":4052,"clientPort":3052,"frontend":"true","serverType":"connector","pid":23273}}
[2017-04-18 23:21:53.847] [INFO] pomelo - [32m[/Users/bingbing/QAJackPoject/QAJackPomelo/game-server/node_modules/pomelo/lib/application.js] [39mapplication inited: "connector-server-1"
[2017-04-18 23:21:55.378] [INFO] pomelo - [32m[/Users/bingbing/QAJackPoject/QAJackPomelo/game-server/node_modules/pomelo/lib/application.js] [39m"connector-server-1" enter after start...
[2017-04-18 23:21:55.383] [INFO] pomelo - [32m[/Users/bingbing/QAJackPoject/QAJackPomelo/game-server/node_modules/pomelo/lib/application.js] [39m"connector-server-1" finish start
[2017-04-18 23:21:55.384] [INFO] pomelo - [32m[/Users/bingbing/QAJackPoject/QAJackPomelo/game-server/node_modules/pomelo/lib/application.js] [39m"connector-server-1" startup in 1089 ms
[2017-04-18 23:21:55.417] [DEBUG] pomelo - [36m[/Users/bingbing/QAJackPoject/QAJackPomelo/game-server/node_modules/pomelo/lib/modules/monitorwatcher.js] [39m[connector-server-1] receive addServer signal: {"action":"addServer","server":{"main":"/Users/bingbing/QAJackPoject/QAJackPomelo/game-server/app.js","env":"development","id":"connector-server-2","host":"127.0.0.1","port":4051,"clientPort":3051,"frontend":"true","serverType":"connector","pid":23342}}
[2017-04-18 23:21:55.441] [DEBUG] pomelo - [36m[/Users/bingbing/QAJackPoject/QAJackPomelo/game-server/node_modules/pomelo/lib/modules/monitorwatcher.js] [39m[connector-server-1] receive addServer signal: {"action":"addServer","server":{"main":"/Users/bingbing/QAJackPoject/QAJackPomelo/game-server/app.js","env":"development","id":"connector-server-3","host":"127.0.0.1","port":4052,"clientPort":3052,"frontend":"true","serverType":"connector","pid":23343}}
[2017-04-18 23:23:24.353] [INFO] pomelo - [32m[/Users/bingbing/QAJackPoject/QAJackPomelo/game-server/node_modules/pomelo/lib/application.js] [39mapplication inited: "connector-server-1"
[2017-04-18 23:23:26.324] [INFO] pomelo - [32m[/Users/bingbing/QAJackPoject/QAJackPomelo/game-server/node_modules/pomelo/lib/application.js] [39m"connector-server-1" enter after start...
[2017-04-18 23:23:26.332] [INFO] pomelo - [32m[/Users/bingbing/QAJackPoject/QAJackPomelo/game-server/node_modules/pomelo/lib/application.js] [39m"connector-server-1" finish start
[2017-04-18 23:23:26.333] [INFO] pomelo - [32m[/Users/bingbing/QAJackPoject/QAJackPomelo/game-server/node_modules/pomelo/lib/application.js] [39m"connector-server-1" startup in 1545 ms
[2017-04-18 23:23:26.335] [DEBUG] pomelo - [36m[/Users/bingbing/QAJackPoject/QAJackPomelo/game-server/node_modules/pomelo/lib/modules/monitorwatcher.js] [39m[connector-server-1] receive addServer signal: {"action":"addServer","server":{"main":"/Users/bingbing/QAJackPoject/QAJackPomelo/game-server/app.js","env":"development","id":"connector-server-2","host":"127.0.0.1","port":4051,"clientPort":3051,"frontend":"true","serverType":"connector","pid":23376}}
[2017-04-18 23:23:26.368] [DEBUG] pomelo - [36m[/Users/bingbing/QAJackPoject/QAJackPomelo/game-server/node_modules/pomelo/lib/modules/monitorwatcher.js] [39m[connector-server-1] receive addServer signal: {"action":"addServer","server":{"main":"/Users/bingbing/QAJackPoject/QAJackPomelo/game-server/app.js","env":"development","id":"connector-server-3","host":"127.0.0.1","port":4052,"clientPort":3052,"frontend":"true","serverType":"connector","pid":23377}}
[2017-04-18 23:23:53.182] [INFO] pomelo - [32m[/Users/bingbing/QAJackPoject/QAJackPomelo/game-server/node_modules/pomelo/lib/application.js] [39mapplication inited: "connector-server-1"
[2017-04-18 23:23:55.647] [INFO] pomelo - [32m[/Users/bingbing/QAJackPoject/QAJackPomelo/game-server/node_modules/pomelo/lib/application.js] [39m"connector-server-1" enter after start...
[2017-04-18 23:23:55.659] [INFO] pomelo - [32m[/Users/bingbing/QAJackPoject/QAJackPomelo/game-server/node_modules/pomelo/lib/application.js] [39m"connector-server-1" finish start
[2017-04-18 23:23:55.660] [INFO] pomelo - [32m[/Users/bingbing/QAJackPoject/QAJackPomelo/game-server/node_modules/pomelo/lib/application.js] [39m"connector-server-1" startup in 2000 ms
[2017-04-18 23:23:58.654] [DEBUG] pomelo - [36m[/Users/bingbing/QAJackPoject/QAJackPomelo/game-server/node_modules/pomelo/lib/components/connector.js] [39m[connector-server-1] getSession session is created with session id: 1
[2017-04-18 23:23:58.681] [DEBUG] pomelo - [36m[/Users/bingbing/QAJackPoject/QAJackPomelo/game-server/node_modules/pomelo/lib/components/connector.js] [39m[connector-server-1] handleMessage session id: 1, msg: {"id":6,"type":0,"compressRoute":1,"route":"connector.entryHandler.enter","body":{"username":"a","roomid":"1"},"compressGzip":0}
[2017-04-18 23:23:58.713] [DEBUG] pomelo - [36m[/Users/bingbing/QAJackPoject/QAJackPomelo/game-server/node_modules/pomelo/lib/components/connector.js] [39msession on [connector-server-1] bind with uid: a*1
[2017-04-18 23:23:58.765] [DEBUG] pomelo - [36m[/Users/bingbing/QAJackPoject/QAJackPomelo/game-server/node_modules/pomelo/lib/components/connector.js] [39m[connector-server-1] send message reqId: 6, route: connector.entryHandler.enter, msg: {"code":0,"roomid":1,"user":"a","locations":["a",null,null,null,null]}, receivers: [1], opts: {"type":"response","userOptions":{},"isResponse":true}
[2017-04-18 23:23:58.769] [DEBUG] pomelo - [36m[/Users/bingbing/QAJackPoject/QAJackPomelo/game-server/node_modules/pomelo/lib/common/remote/frontend/channelRemote.js] [39m[connector-server-1] pushMessage uids: ["a*1"], msg: {"route":"onJoin","roomid":1,"user":"a","locations":["a",null,null,null,null]}, sids: [1]
[2017-04-18 23:23:58.770] [DEBUG] pomelo - [36m[/Users/bingbing/QAJackPoject/QAJackPomelo/game-server/node_modules/pomelo/lib/components/connector.js] [39m[connector-server-1] send message reqId: null, route: onJoin, msg: {"route":"onJoin","roomid":1,"user":"a","locations":["a",null,null,null,null]}, receivers: [1], opts: {"type":"push","userOptions":{},"isPush":true}
[2017-04-18 23:23:58.831] [DEBUG] pomelo - [36m[/Users/bingbing/QAJackPoject/QAJackPomelo/game-server/node_modules/pomelo/lib/common/service/sessionService.js] [39msession on [connector-server-1] is closed with session id: 1
[2017-04-19 23:13:50.844] [DEBUG] pomelo - [36m[/Users/bingbing/QAJackPoject/QAJackPomelo/game-server/node_modules/pomelo/lib/components/connector.js] [39m[connector-server-1] getSession session is created with session id: 2
[2017-04-19 23:13:50.862] [DEBUG] pomelo - [36m[/Users/bingbing/QAJackPoject/QAJackPomelo/game-server/node_modules/pomelo/lib/components/connector.js] [39m[connector-server-1] handleMessage session id: 2, msg: {"id":2,"type":0,"compressRoute":1,"route":"connector.entryHandler.enter","body":{"username":"a","roomid":"1"},"compressGzip":0}
[2017-04-19 23:13:50.911] [DEBUG] pomelo - [36m[/Users/bingbing/QAJackPoject/QAJackPomelo/game-server/node_modules/pomelo/lib/components/connector.js] [39msession on [connector-server-1] bind with uid: a*1
[2017-04-19 23:13:50.938] [DEBUG] pomelo - [36m[/Users/bingbing/QAJackPoject/QAJackPomelo/game-server/node_modules/pomelo/lib/common/remote/frontend/channelRemote.js] [39m[connector-server-1] pushMessage uids: ["a*1"], msg: {"route":"onJoin","roomid":1,"user":"a","locations":["a",null,null,null,null]}, sids: [2]
[2017-04-19 23:13:50.938] [DEBUG] pomelo - [36m[/Users/bingbing/QAJackPoject/QAJackPomelo/game-server/node_modules/pomelo/lib/components/connector.js] [39m[connector-server-1] send message reqId: null, route: onJoin, msg: {"route":"onJoin","roomid":1,"user":"a","locations":["a",null,null,null,null]}, receivers: [2], opts: {"type":"push","userOptions":{},"isPush":true}
[2017-04-19 23:13:50.942] [DEBUG] pomelo - [36m[/Users/bingbing/QAJackPoject/QAJackPomelo/game-server/node_modules/pomelo/lib/components/connector.js] [39m[connector-server-1] send message reqId: 2, route: connector.entryHandler.enter, msg: {"code":0,"roomid":1,"user":"a","locations":["a",null,null,null,null]}, receivers: [2], opts: {"type":"response","userOptions":{},"isResponse":true}
[2017-04-19 23:14:02.869] [INFO] pomelo - [32m[/Users/bingbing/QAJackPoject/QAJackPomelo/game-server/node_modules/pomelo/lib/connectors/commands/heartbeat.js] [39mclient 2 heartbeat timeout.
[2017-04-19 23:14:02.869] [DEBUG] pomelo - [36m[/Users/bingbing/QAJackPoject/QAJackPomelo/game-server/node_modules/pomelo/lib/common/service/sessionService.js] [39msession on [connector-server-1] is closed with session id: 2
[2017-04-19 23:16:43.358] [DEBUG] pomelo - [36m[/Users/bingbing/QAJackPoject/QAJackPomelo/game-server/node_modules/pomelo/lib/components/connector.js] [39m[connector-server-1] getSession session is created with session id: 3
[2017-04-19 23:16:43.375] [DEBUG] pomelo - [36m[/Users/bingbing/QAJackPoject/QAJackPomelo/game-server/node_modules/pomelo/lib/components/connector.js] [39m[connector-server-1] handleMessage session id: 3, msg: {"id":2,"type":0,"compressRoute":1,"route":"connector.entryHandler.enter","body":{"username":"a","roomid":"1"},"compressGzip":0}
[2017-04-19 23:16:43.381] [DEBUG] pomelo - [36m[/Users/bingbing/QAJackPoject/QAJackPomelo/game-server/node_modules/pomelo/lib/components/connector.js] [39msession on [connector-server-1] bind with uid: a*1
[2017-04-19 23:16:43.388] [DEBUG] pomelo - [36m[/Users/bingbing/QAJackPoject/QAJackPomelo/game-server/node_modules/pomelo/lib/common/remote/frontend/channelRemote.js] [39m[connector-server-1] pushMessage uids: ["a*1"], msg: {"route":"onJoin","roomid":1,"user":"a","locations":["a",null,null,null,null]}, sids: [3]
[2017-04-19 23:16:43.391] [DEBUG] pomelo - [36m[/Users/bingbing/QAJackPoject/QAJackPomelo/game-server/node_modules/pomelo/lib/components/connector.js] [39m[connector-server-1] send message reqId: null, route: onJoin, msg: {"route":"onJoin","roomid":1,"user":"a","locations":["a",null,null,null,null]}, receivers: [3], opts: {"type":"push","userOptions":{},"isPush":true}
[2017-04-19 23:16:43.395] [DEBUG] pomelo - [36m[/Users/bingbing/QAJackPoject/QAJackPomelo/game-server/node_modules/pomelo/lib/components/connector.js] [39m[connector-server-1] send message reqId: 2, route: connector.entryHandler.enter, msg: {"code":0,"roomid":1,"user":"a","locations":["a",null,null,null,null]}, receivers: [3], opts: {"type":"response","userOptions":{},"isResponse":true}
[2017-04-19 23:16:52.387] [INFO] pomelo - [32m[/Users/bingbing/QAJackPoject/QAJackPomelo/game-server/node_modules/pomelo/lib/connectors/commands/heartbeat.js] [39mclient 3 heartbeat timeout.
[2017-04-19 23:16:52.387] [DEBUG] pomelo - [36m[/Users/bingbing/QAJackPoject/QAJackPomelo/game-server/node_modules/pomelo/lib/common/service/sessionService.js] [39msession on [connector-server-1] is closed with session id: 3
[2017-04-19 23:20:18.610] [DEBUG] pomelo - [36m[/Users/bingbing/QAJackPoject/QAJackPomelo/game-server/node_modules/pomelo/lib/components/connector.js] [39m[connector-server-1] getSession session is created with session id: 4
[2017-04-19 23:20:18.628] [DEBUG] pomelo - [36m[/Users/bingbing/QAJackPoject/QAJackPomelo/game-server/node_modules/pomelo/lib/components/connector.js] [39m[connector-server-1] handleMessage session id: 4, msg: {"id":2,"type":0,"compressRoute":1,"route":"connector.entryHandler.enter","body":{"username":"a","roomid":"1"},"compressGzip":0}
[2017-04-19 23:20:18.635] [DEBUG] pomelo - [36m[/Users/bingbing/QAJackPoject/QAJackPomelo/game-server/node_modules/pomelo/lib/components/connector.js] [39msession on [connector-server-1] bind with uid: a*1
[2017-04-19 23:20:18.640] [DEBUG] pomelo - [36m[/Users/bingbing/QAJackPoject/QAJackPomelo/game-server/node_modules/pomelo/lib/common/remote/frontend/channelRemote.js] [39m[connector-server-1] pushMessage uids: ["a*1"], msg: {"route":"onJoin","roomid":1,"user":"a","locations":["a",null,null,null,null]}, sids: [4]
[2017-04-19 23:20:18.643] [DEBUG] pomelo - [36m[/Users/bingbing/QAJackPoject/QAJackPomelo/game-server/node_modules/pomelo/lib/components/connector.js] [39m[connector-server-1] send message reqId: null, route: onJoin, msg: {"route":"onJoin","roomid":1,"user":"a","locations":["a",null,null,null,null]}, receivers: [4], opts: {"type":"push","userOptions":{},"isPush":true}
[2017-04-19 23:20:18.644] [DEBUG] pomelo - [36m[/Users/bingbing/QAJackPoject/QAJackPomelo/game-server/node_modules/pomelo/lib/components/connector.js] [39m[connector-server-1] send message reqId: 2, route: connector.entryHandler.enter, msg: {"code":0,"roomid":1,"user":"a","locations":["a",null,null,null,null]}, receivers: [4], opts: {"type":"response","userOptions":{},"isResponse":true}
[2017-04-19 23:20:27.648] [INFO] pomelo - [32m[/Users/bingbing/QAJackPoject/QAJackPomelo/game-server/node_modules/pomelo/lib/connectors/commands/heartbeat.js] [39mclient 4 heartbeat timeout.
[2017-04-19 23:20:27.648] [DEBUG] pomelo - [36m[/Users/bingbing/QAJackPoject/QAJackPomelo/game-server/node_modules/pomelo/lib/common/service/sessionService.js] [39msession on [connector-server-1] is closed with session id: 4
[2017-04-19 23:27:11.341] [DEBUG] pomelo - [36m[/Users/bingbing/QAJackPoject/QAJackPomelo/game-server/node_modules/pomelo/lib/components/connector.js] [39m[connector-server-1] getSession session is created with session id: 5
[2017-04-19 23:27:11.360] [DEBUG] pomelo - [36m[/Users/bingbing/QAJackPoject/QAJackPomelo/game-server/node_modules/pomelo/lib/components/connector.js] [39m[connector-server-1] handleMessage session id: 5, msg: {"id":2,"type":0,"compressRoute":1,"route":"connector.entryHandler.enter","body":{"username":"a","roomid":"1"},"compressGzip":0}
[2017-04-19 23:27:11.365] [DEBUG] pomelo - [36m[/Users/bingbing/QAJackPoject/QAJackPomelo/game-server/node_modules/pomelo/lib/components/connector.js] [39msession on [connector-server-1] bind with uid: a*1
[2017-04-19 23:27:11.376] [DEBUG] pomelo - [36m[/Users/bingbing/QAJackPoject/QAJackPomelo/game-server/node_modules/pomelo/lib/common/remote/frontend/channelRemote.js] [39m[connector-server-1] pushMessage uids: ["a*1"], msg: {"route":"onJoin","roomid":1,"user":"a","locations":["a",null,null,null,null]}, sids: [5]
[2017-04-19 23:27:11.376] [DEBUG] pomelo - [36m[/Users/bingbing/QAJackPoject/QAJackPomelo/game-server/node_modules/pomelo/lib/components/connector.js] [39m[connector-server-1] send message reqId: null, route: onJoin, msg: {"route":"onJoin","roomid":1,"user":"a","locations":["a",null,null,null,null]}, receivers: [5], opts: {"type":"push","userOptions":{},"isPush":true}
[2017-04-19 23:27:11.377] [DEBUG] pomelo - [36m[/Users/bingbing/QAJackPoject/QAJackPomelo/game-server/node_modules/pomelo/lib/components/connector.js] [39m[connector-server-1] send message reqId: 2, route: connector.entryHandler.enter, msg: {"code":0,"roomid":1,"user":"a","locations":["a",null,null,null,null]}, receivers: [5], opts: {"type":"response","userOptions":{},"isResponse":true}
[2017-04-19 23:27:44.430] [DEBUG] pomelo - [36m[/Users/bingbing/QAJackPoject/QAJackPomelo/game-server/node_modules/pomelo/lib/common/service/sessionService.js] [39msession on [connector-server-1] is closed with session id: 5
[2017-04-19 23:28:52.991] [DEBUG] pomelo - [36m[/Users/bingbing/QAJackPoject/QAJackPomelo/game-server/node_modules/pomelo/lib/components/connector.js] [39m[connector-server-1] getSession session is created with session id: 6
[2017-04-19 23:28:53.012] [DEBUG] pomelo - [36m[/Users/bingbing/QAJackPoject/QAJackPomelo/game-server/node_modules/pomelo/lib/components/connector.js] [39m[connector-server-1] handleMessage session id: 6, msg: {"id":2,"type":0,"compressRoute":1,"route":"connector.entryHandler.enter","body":{"username":"a","roomid":"1"},"compressGzip":0}
[2017-04-19 23:28:53.021] [DEBUG] pomelo - [36m[/Users/bingbing/QAJackPoject/QAJackPomelo/game-server/node_modules/pomelo/lib/components/connector.js] [39msession on [connector-server-1] bind with uid: a*1
[2017-04-19 23:28:53.025] [DEBUG] pomelo - [36m[/Users/bingbing/QAJackPoject/QAJackPomelo/game-server/node_modules/pomelo/lib/common/remote/frontend/channelRemote.js] [39m[connector-server-1] pushMessage uids: ["a*1"], msg: {"route":"onJoin","roomid":1,"user":"a","locations":["a",null,null,null,null]}, sids: [6]
[2017-04-19 23:28:53.025] [DEBUG] pomelo - [36m[/Users/bingbing/QAJackPoject/QAJackPomelo/game-server/node_modules/pomelo/lib/components/connector.js] [39m[connector-server-1] send message reqId: null, route: onJoin, msg: {"route":"onJoin","roomid":1,"user":"a","locations":["a",null,null,null,null]}, receivers: [6], opts: {"type":"push","userOptions":{},"isPush":true}
[2017-04-19 23:28:53.026] [DEBUG] pomelo - [36m[/Users/bingbing/QAJackPoject/QAJackPomelo/game-server/node_modules/pomelo/lib/components/connector.js] [39m[connector-server-1] send message reqId: 2, route: connector.entryHandler.enter, msg: {"code":0,"roomid":1,"user":"a","locations":["a",null,null,null,null]}, receivers: [6], opts: {"type":"response","userOptions":{},"isResponse":true}
[2017-04-19 23:28:59.010] [INFO] pomelo - [32m[/Users/bingbing/QAJackPoject/QAJackPomelo/game-server/node_modules/pomelo/lib/connectors/commands/heartbeat.js] [39mclient 6 heartbeat timeout.
[2017-04-19 23:28:59.011] [DEBUG] pomelo - [36m[/Users/bingbing/QAJackPoject/QAJackPomelo/game-server/node_modules/pomelo/lib/common/service/sessionService.js] [39msession on [connector-server-1] is closed with session id: 6
[2017-04-19 23:29:22.419] [DEBUG] pomelo - [36m[/Users/bingbing/QAJackPoject/QAJackPomelo/game-server/node_modules/pomelo/lib/components/connector.js] [39m[connector-server-1] getSession session is created with session id: 7
[2017-04-19 23:29:22.434] [DEBUG] pomelo - [36m[/Users/bingbing/QAJackPoject/QAJackPomelo/game-server/node_modules/pomelo/lib/components/connector.js] [39m[connector-server-1] handleMessage session id: 7, msg: {"id":2,"type":0,"compressRoute":1,"route":"connector.entryHandler.enter","body":{"username":"a","roomid":"1"},"compressGzip":0}
[2017-04-19 23:29:22.438] [DEBUG] pomelo - [36m[/Users/bingbing/QAJackPoject/QAJackPomelo/game-server/node_modules/pomelo/lib/components/connector.js] [39msession on [connector-server-1] bind with uid: a*1
[2017-04-19 23:29:22.440] [DEBUG] pomelo - [36m[/Users/bingbing/QAJackPoject/QAJackPomelo/game-server/node_modules/pomelo/lib/common/remote/frontend/channelRemote.js] [39m[connector-server-1] pushMessage uids: ["a*1"], msg: {"route":"onJoin","roomid":1,"user":"a","locations":["a",null,null,null,null]}, sids: [7]
[2017-04-19 23:29:22.442] [DEBUG] pomelo - [36m[/Users/bingbing/QAJackPoject/QAJackPomelo/game-server/node_modules/pomelo/lib/components/connector.js] [39m[connector-server-1] send message reqId: null, route: onJoin, msg: {"route":"onJoin","roomid":1,"user":"a","locations":["a",null,null,null,null]}, receivers: [7], opts: {"type":"push","userOptions":{},"isPush":true}
[2017-04-19 23:29:22.443] [DEBUG] pomelo - [36m[/Users/bingbing/QAJackPoject/QAJackPomelo/game-server/node_modules/pomelo/lib/components/connector.js] [39m[connector-server-1] send message reqId: 2, route: connector.entryHandler.enter, msg: {"code":0,"roomid":1,"user":"a","locations":["a",null,null,null,null]}, receivers: [7], opts: {"type":"response","userOptions":{},"isResponse":true}
[2017-04-19 23:29:28.431] [INFO] pomelo - [32m[/Users/bingbing/QAJackPoject/QAJackPomelo/game-server/node_modules/pomelo/lib/connectors/commands/heartbeat.js] [39mclient 7 heartbeat timeout.
[2017-04-19 23:29:28.431] [DEBUG] pomelo - [36m[/Users/bingbing/QAJackPoject/QAJackPomelo/game-server/node_modules/pomelo/lib/common/service/sessionService.js] [39msession on [connector-server-1] is closed with session id: 7
[2017-04-20 22:06:52.896] [DEBUG] pomelo - [36m[/Users/bingbing/QAJackPoject/QAJackPomelo/game-server/node_modules/pomelo/lib/components/connector.js] [39m[connector-server-1] getSession session is created with session id: 8
[2017-04-20 22:06:52.957] [DEBUG] pomelo - [36m[/Users/bingbing/QAJackPoject/QAJackPomelo/game-server/node_modules/pomelo/lib/components/connector.js] [39m[connector-server-1] handleMessage session id: 8, msg: {"id":2,"type":0,"compressRoute":1,"route":"connector.entryHandler.enter","body":{"username":"a","roomid":"1"},"compressGzip":0}
[2017-04-20 22:06:53.007] [DEBUG] pomelo - [36m[/Users/bingbing/QAJackPoject/QAJackPomelo/game-server/node_modules/pomelo/lib/components/connector.js] [39msession on [connector-server-1] bind with uid: a*1
[2017-04-20 22:06:53.171] [DEBUG] pomelo - [36m[/Users/bingbing/QAJackPoject/QAJackPomelo/game-server/node_modules/pomelo/lib/common/remote/frontend/channelRemote.js] [39m[connector-server-1] pushMessage uids: ["a*1"], msg: {"route":"onJoin","roomid":1,"user":"a","locations":["a",null,null,null,null]}, sids: [8]
[2017-04-20 22:06:53.171] [DEBUG] pomelo - [36m[/Users/bingbing/QAJackPoject/QAJackPomelo/game-server/node_modules/pomelo/lib/components/connector.js] [39m[connector-server-1] send message reqId: null, route: onJoin, msg: {"route":"onJoin","roomid":1,"user":"a","locations":["a",null,null,null,null]}, receivers: [8], opts: {"type":"push","userOptions":{},"isPush":true}
[2017-04-20 22:06:53.173] [DEBUG] pomelo - [36m[/Users/bingbing/QAJackPoject/QAJackPomelo/game-server/node_modules/pomelo/lib/components/connector.js] [39m[connector-server-1] send message reqId: 2, route: connector.entryHandler.enter, msg: {"code":0,"roomid":1,"user":"a","locations":["a",null,null,null,null]}, receivers: [8], opts: {"type":"response","userOptions":{},"isResponse":true}
[2017-04-20 22:07:20.790] [DEBUG] pomelo - [36m[/Users/bingbing/QAJackPoject/QAJackPomelo/game-server/node_modules/pomelo/lib/common/service/sessionService.js] [39msession on [connector-server-1] is closed with session id: 8
[2017-04-20 22:08:19.257] [DEBUG] pomelo - [36m[/Users/bingbing/QAJackPoject/QAJackPomelo/game-server/node_modules/pomelo/lib/components/connector.js] [39m[connector-server-1] getSession session is created with session id: 9
[2017-04-20 22:08:19.271] [DEBUG] pomelo - [36m[/Users/bingbing/QAJackPoject/QAJackPomelo/game-server/node_modules/pomelo/lib/components/connector.js] [39m[connector-server-1] handleMessage session id: 9, msg: {"id":2,"type":0,"compressRoute":1,"route":"connector.entryHandler.enter","body":{"username":"a","roomid":"1"},"compressGzip":0}
[2017-04-20 22:08:19.282] [DEBUG] pomelo - [36m[/Users/bingbing/QAJackPoject/QAJackPomelo/game-server/node_modules/pomelo/lib/components/connector.js] [39msession on [connector-server-1] bind with uid: a*1
[2017-04-20 22:08:19.307] [DEBUG] pomelo - [36m[/Users/bingbing/QAJackPoject/QAJackPomelo/game-server/node_modules/pomelo/lib/common/remote/frontend/channelRemote.js] [39m[connector-server-1] pushMessage uids: ["a*1"], msg: {"route":"onJoin","roomid":1,"user":"a","locations":["a",null,null,null,null]}, sids: [9]
[2017-04-20 22:08:19.307] [DEBUG] pomelo - [36m[/Users/bingbing/QAJackPoject/QAJackPomelo/game-server/node_modules/pomelo/lib/components/connector.js] [39m[connector-server-1] send message reqId: null, route: onJoin, msg: {"route":"onJoin","roomid":1,"user":"a","locations":["a",null,null,null,null]}, receivers: [9], opts: {"type":"push","userOptions":{},"isPush":true}
[2017-04-20 22:08:19.308] [DEBUG] pomelo - [36m[/Users/bingbing/QAJackPoject/QAJackPomelo/game-server/node_modules/pomelo/lib/components/connector.js] [39m[connector-server-1] send message reqId: 2, route: connector.entryHandler.enter, msg: {"code":0,"roomid":1,"user":"a","locations":["a",null,null,null,null]}, receivers: [9], opts: {"type":"response","userOptions":{},"isResponse":true}
[2017-04-20 22:16:07.161] [DEBUG] pomelo - [36m[/Users/bingbing/QAJackPoject/QAJackPomelo/game-server/node_modules/pomelo/lib/common/service/sessionService.js] [39msession on [connector-server-1] is closed with session id: 9
[2017-04-25 21:53:39.667] [INFO] pomelo - [32m[/Users/bingbing/QAJackPoject/QAJackPomelo/game-server/node_modules/pomelo/lib/application.js] [39mapplication inited: "connector-server-1"
[2017-04-25 21:53:41.618] [INFO] pomelo - [32m[/Users/bingbing/QAJackPoject/QAJackPomelo/game-server/node_modules/pomelo/lib/application.js] [39m"connector-server-1" enter after start...
[2017-04-25 21:53:41.623] [INFO] pomelo - [32m[/Users/bingbing/QAJackPoject/QAJackPomelo/game-server/node_modules/pomelo/lib/application.js] [39m"connector-server-1" finish start
[2017-04-25 21:53:41.623] [INFO] pomelo - [32m[/Users/bingbing/QAJackPoject/QAJackPomelo/game-server/node_modules/pomelo/lib/application.js] [39m"connector-server-1" startup in 1515 ms
[2017-04-25 21:59:01.153] [INFO] pomelo - [32m[/Users/bingbing/QAJackPoject/QAJackPomelo/game-server/node_modules/pomelo/lib/application.js] [39mapplication inited: "connector-server-1"
[2017-04-25 21:59:02.891] [INFO] pomelo - [32m[/Users/bingbing/QAJackPoject/QAJackPomelo/game-server/node_modules/pomelo/lib/application.js] [39m"connector-server-1" enter after start...
[2017-04-25 21:59:02.914] [INFO] pomelo - [32m[/Users/bingbing/QAJackPoject/QAJackPomelo/game-server/node_modules/pomelo/lib/application.js] [39m"connector-server-1" finish start
[2017-04-25 21:59:02.915] [INFO] pomelo - [32m[/Users/bingbing/QAJackPoject/QAJackPomelo/game-server/node_modules/pomelo/lib/application.js] [39m"connector-server-1" startup in 1378 ms
[2017-04-25 21:59:02.918] [DEBUG] pomelo - [36m[/Users/bingbing/QAJackPoject/QAJackPomelo/game-server/node_modules/pomelo/lib/modules/monitorwatcher.js] [39m[connector-server-1] receive addServer signal: {"action":"addServer","server":{"main":"/Users/bingbing/QAJackPoject/QAJackPomelo/game-server/app.js","env":"development","id":"connector-server-2","host":"127.0.0.1","port":4051,"clientPort":3051,"frontend":"true","serverType":"connector","pid":9277}}
[2017-04-25 21:59:02.950] [DEBUG] pomelo - [36m[/Users/bingbing/QAJackPoject/QAJackPomelo/game-server/node_modules/pomelo/lib/modules/monitorwatcher.js] [39m[connector-server-1] receive addServer signal: {"action":"addServer","server":{"main":"/Users/bingbing/QAJackPoject/QAJackPomelo/game-server/app.js","env":"development","id":"connector-server-3","host":"127.0.0.1","port":4052,"clientPort":3052,"frontend":"true","serverType":"connector","pid":9278}}
[2017-04-25 22:01:01.781] [INFO] pomelo - [32m[/Users/bingbing/QAJackPoject/QAJackPomelo/game-server/node_modules/pomelo/lib/application.js] [39mapplication inited: "connector-server-1"
[2017-04-25 22:01:03.668] [INFO] pomelo - [32m[/Users/bingbing/QAJackPoject/QAJackPomelo/game-server/node_modules/pomelo/lib/application.js] [39m"connector-server-1" enter after start...
[2017-04-25 22:01:03.671] [DEBUG] pomelo - [36m[/Users/bingbing/QAJackPoject/QAJackPomelo/game-server/node_modules/pomelo/lib/modules/monitorwatcher.js] [39m[connector-server-1] receive addServer signal: {"action":"addServer","server":{"main":"/Users/bingbing/QAJackPoject/QAJackPomelo/game-server/app.js","env":"development","id":"connector-server-2","host":"127.0.0.1","port":4051,"clientPort":3051,"frontend":"true","serverType":"connector","pid":9462}}
[2017-04-25 22:01:03.679] [INFO] pomelo - [32m[/Users/bingbing/QAJackPoject/QAJackPomelo/game-server/node_modules/pomelo/lib/application.js] [39m"connector-server-1" finish start
[2017-04-25 22:01:03.679] [INFO] pomelo - [32m[/Users/bingbing/QAJackPoject/QAJackPomelo/game-server/node_modules/pomelo/lib/application.js] [39m"connector-server-1" startup in 1418 ms
[2017-04-25 22:03:41.792] [INFO] pomelo - [32m[/Users/bingbing/QAJackPoject/QAJackPomelo/game-server/node_modules/pomelo/lib/application.js] [39mapplication inited: "connector-server-1"
[2017-04-25 22:03:43.652] [INFO] pomelo - [32m[/Users/bingbing/QAJackPoject/QAJackPomelo/game-server/node_modules/pomelo/lib/application.js] [39m"connector-server-1" enter after start...
[2017-04-25 22:03:43.688] [INFO] pomelo - [32m[/Users/bingbing/QAJackPoject/QAJackPomelo/game-server/node_modules/pomelo/lib/application.js] [39m"connector-server-1" finish start
[2017-04-25 22:03:43.689] [INFO] pomelo - [32m[/Users/bingbing/QAJackPoject/QAJackPomelo/game-server/node_modules/pomelo/lib/application.js] [39m"connector-server-1" startup in 1468 ms
[2017-04-25 22:03:43.691] [DEBUG] pomelo - [36m[/Users/bingbing/QAJackPoject/QAJackPomelo/game-server/node_modules/pomelo/lib/modules/monitorwatcher.js] [39m[connector-server-1] receive addServer signal: {"action":"addServer","server":{"main":"/Users/bingbing/QAJackPoject/QAJackPomelo/game-server/app.js","env":"development","id":"connector-server-3","host":"127.0.0.1","port":4052,"clientPort":3052,"frontend":"true","serverType":"connector","pid":9601}}
[2017-04-25 22:34:27.181] [INFO] pomelo - [32m[/Users/bingbing/QAJackPoject/QAJackPomelo/game-server/node_modules/pomelo/lib/application.js] [39mapplication inited: "connector-server-1"
[2017-04-25 22:34:50.389] [INFO] pomelo - [32m[/Users/bingbing/QAJackPoject/QAJackPomelo/game-server/node_modules/pomelo/lib/application.js] [39mapplication inited: "connector-server-1"
[2017-04-25 22:34:52.259] [INFO] pomelo - [32m[/Users/bingbing/QAJackPoject/QAJackPomelo/game-server/node_modules/pomelo/lib/application.js] [39m"connector-server-1" enter after start...
[2017-04-25 22:34:52.266] [INFO] pomelo - [32m[/Users/bingbing/QAJackPoject/QAJackPomelo/game-server/node_modules/pomelo/lib/application.js] [39m"connector-server-1" finish start
[2017-04-25 22:34:52.267] [INFO] pomelo - [32m[/Users/bingbing/QAJackPoject/QAJackPomelo/game-server/node_modules/pomelo/lib/application.js] [39m"connector-server-1" startup in 1460 ms
[2017-04-25 22:34:52.269] [DEBUG] pomelo - [36m[/Users/bingbing/QAJackPoject/QAJackPomelo/game-server/node_modules/pomelo/lib/modules/monitorwatcher.js] [39m[connector-server-1] receive addServer signal: {"action":"addServer","server":{"main":"/Users/bingbing/QAJackPoject/QAJackPomelo/game-server/app.js","env":"development","id":"connector-server-3","host":"127.0.0.1","port":4052,"clientPort":3052,"frontend":"true","serverType":"connector","pid":9981}}
[2017-04-25 22:34:52.295] [DEBUG] pomelo - [36m[/Users/bingbing/QAJackPoject/QAJackPomelo/game-server/node_modules/pomelo/lib/modules/monitorwatcher.js] [39m[connector-server-1] receive addServer signal: {"action":"addServer","server":{"main":"/Users/bingbing/QAJackPoject/QAJackPomelo/game-server/app.js","env":"development","id":"chat-server-2","host":"127.0.0.1","port":7051,"serverType":"room","pid":9983}}
[2017-04-25 22:35:25.724] [INFO] pomelo - [32m[/Users/bingbing/QAJackPoject/QAJackPomelo/game-server/node_modules/pomelo/lib/application.js] [39mapplication inited: "connector-server-1"
[2017-04-25 22:35:27.773] [INFO] pomelo - [32m[/Users/bingbing/QAJackPoject/QAJackPomelo/game-server/node_modules/pomelo/lib/application.js] [39m"connector-server-1" enter after start...
[2017-04-25 22:35:27.778] [INFO] pomelo - [32m[/Users/bingbing/QAJackPoject/QAJackPomelo/game-server/node_modules/pomelo/lib/application.js] [39m"connector-server-1" finish start
[2017-04-25 22:35:27.778] [INFO] pomelo - [32m[/Users/bingbing/QAJackPoject/QAJackPomelo/game-server/node_modules/pomelo/lib/application.js] [39m"connector-server-1" startup in 1609 ms
[2017-04-25 22:35:27.781] [DEBUG] pomelo - [36m[/Users/bingbing/QAJackPoject/QAJackPomelo/game-server/node_modules/pomelo/lib/modules/monitorwatcher.js] [39m[connector-server-1] receive addServer signal: {"action":"addServer","server":{"main":"/Users/bingbing/QAJackPoject/QAJackPomelo/game-server/app.js","env":"development","id":"connector-server-2","host":"127.0.0.1","port":4051,"clientPort":3051,"frontend":"true","serverType":"connector","pid":9995}}
