[2017-04-18 22:59:46.390] [INFO] pomelo - [32m[/Users/bingbing/QAJackPoject/QAJackPomelo/game-server/node_modules/pomelo/lib/application.js] [39mapplication inited: "connector-server-3"
[2017-04-18 22:59:47.691] [INFO] pomelo - [32m[/Users/bingbing/QAJackPoject/QAJackPomelo/game-server/node_modules/pomelo/lib/application.js] [39m"connector-server-3" enter after start...
[2017-04-18 22:59:47.695] [INFO] pomelo - [32m[/Users/bingbing/QAJackPoject/QAJackPomelo/game-server/node_modules/pomelo/lib/application.js] [39m"connector-server-3" finish start
[2017-04-18 22:59:47.695] [INFO] pomelo - [32m[/Users/bingbing/QAJackPoject/QAJackPomelo/game-server/node_modules/pomelo/lib/application.js] [39m"connector-server-3" startup in 1089 ms
[2017-04-18 23:01:34.588] [INFO] pomelo - [32m[/Users/bingbing/QAJackPoject/QAJackPomelo/game-server/node_modules/pomelo/lib/application.js] [39mapplication inited: "connector-server-3"
[2017-04-18 23:01:35.812] [INFO] pomelo - [32m[/Users/bingbing/QAJackPoject/QAJackPomelo/game-server/node_modules/pomelo/lib/application.js] [39m"connector-server-3" enter after start...
[2017-04-18 23:01:35.816] [INFO] pomelo - [32m[/Users/bingbing/QAJackPoject/QAJackPomelo/game-server/node_modules/pomelo/lib/application.js] [39m"connector-server-3" finish start
[2017-04-18 23:01:35.817] [INFO] pomelo - [32m[/Users/bingbing/QAJackPoject/QAJackPomelo/game-server/node_modules/pomelo/lib/application.js] [39m"connector-server-3" startup in 807 ms
[2017-04-18 23:14:02.541] [INFO] pomelo - [32m[/Users/bingbing/QAJackPoject/QAJackPomelo/game-server/node_modules/pomelo/lib/application.js] [39mapplication inited: "connector-server-3"
[2017-04-18 23:14:33.778] [INFO] pomelo - [32m[/Users/bingbing/QAJackPoject/QAJackPomelo/game-server/node_modules/pomelo/lib/application.js] [39mapplication inited: "connector-server-3"
[2017-04-18 23:15:04.250] [INFO] pomelo - [32m[/Users/bingbing/QAJackPoject/QAJackPomelo/game-server/node_modules/pomelo/lib/application.js] [39mapplication inited: "connector-server-3"
[2017-04-18 23:15:05.701] [INFO] pomelo - [32m[/Users/bingbing/QAJackPoject/QAJackPomelo/game-server/node_modules/pomelo/lib/application.js] [39m"connector-server-3" enter after start...
[2017-04-18 23:15:05.705] [INFO] pomelo - [32m[/Users/bingbing/QAJackPoject/QAJackPomelo/game-server/node_modules/pomelo/lib/application.js] [39m"connector-server-3" finish start
[2017-04-18 23:15:05.705] [INFO] pomelo - [32m[/Users/bingbing/QAJackPoject/QAJackPomelo/game-server/node_modules/pomelo/lib/application.js] [39m"connector-server-3" startup in 1045 ms
[2017-04-18 23:21:53.871] [INFO] pomelo - [32m[/Users/bingbing/QAJackPoject/QAJackPomelo/game-server/node_modules/pomelo/lib/application.js] [39mapplication inited: "connector-server-3"
[2017-04-18 23:21:55.464] [INFO] pomelo - [32m[/Users/bingbing/QAJackPoject/QAJackPomelo/game-server/node_modules/pomelo/lib/application.js] [39m"connector-server-3" enter after start...
[2017-04-18 23:21:55.468] [INFO] pomelo - [32m[/Users/bingbing/QAJackPoject/QAJackPomelo/game-server/node_modules/pomelo/lib/application.js] [39m"connector-server-3" finish start
[2017-04-18 23:21:55.469] [INFO] pomelo - [32m[/Users/bingbing/QAJackPoject/QAJackPomelo/game-server/node_modules/pomelo/lib/application.js] [39m"connector-server-3" startup in 1128 ms
[2017-04-18 23:23:24.362] [INFO] pomelo - [32m[/Users/bingbing/QAJackPoject/QAJackPomelo/game-server/node_modules/pomelo/lib/application.js] [39mapplication inited: "connector-server-3"
[2017-04-18 23:23:26.387] [INFO] pomelo - [32m[/Users/bingbing/QAJackPoject/QAJackPomelo/game-server/node_modules/pomelo/lib/application.js] [39m"connector-server-3" enter after start...
[2017-04-18 23:23:26.391] [INFO] pomelo - [32m[/Users/bingbing/QAJackPoject/QAJackPomelo/game-server/node_modules/pomelo/lib/application.js] [39m"connector-server-3" finish start
[2017-04-18 23:23:26.392] [INFO] pomelo - [32m[/Users/bingbing/QAJackPoject/QAJackPomelo/game-server/node_modules/pomelo/lib/application.js] [39m"connector-server-3" startup in 1543 ms
[2017-04-18 23:23:53.176] [INFO] pomelo - [32m[/Users/bingbing/QAJackPoject/QAJackPomelo/game-server/node_modules/pomelo/lib/application.js] [39mapplication inited: "connector-server-3"
[2017-04-18 23:23:55.680] [INFO] pomelo - [32m[/Users/bingbing/QAJackPoject/QAJackPomelo/game-server/node_modules/pomelo/lib/application.js] [39m"connector-server-3" enter after start...
[2017-04-18 23:23:55.687] [INFO] pomelo - [32m[/Users/bingbing/QAJackPoject/QAJackPomelo/game-server/node_modules/pomelo/lib/application.js] [39m"connector-server-3" finish start
[2017-04-18 23:23:55.689] [INFO] pomelo - [32m[/Users/bingbing/QAJackPoject/QAJackPomelo/game-server/node_modules/pomelo/lib/application.js] [39m"connector-server-3" startup in 2032 ms
[2017-04-25 21:53:39.643] [INFO] pomelo - [32m[/Users/bingbing/QAJackPoject/QAJackPomelo/game-server/node_modules/pomelo/lib/application.js] [39mapplication inited: "connector-server-3"
[2017-04-25 21:53:41.590] [INFO] pomelo - [32m[/Users/bingbing/QAJackPoject/QAJackPomelo/game-server/node_modules/pomelo/lib/application.js] [39m"connector-server-3" enter after start...
[2017-04-25 21:53:41.595] [INFO] pomelo - [32m[/Users/bingbing/QAJackPoject/QAJackPomelo/game-server/node_modules/pomelo/lib/application.js] [39m"connector-server-3" finish start
[2017-04-25 21:53:41.596] [INFO] pomelo - [32m[/Users/bingbing/QAJackPoject/QAJackPomelo/game-server/node_modules/pomelo/lib/application.js] [39m"connector-server-3" startup in 1500 ms
[2017-04-25 21:53:41.612] [DEBUG] pomelo - [36m[/Users/bingbing/QAJackPoject/QAJackPomelo/game-server/node_modules/pomelo/lib/modules/monitorwatcher.js] [39m[connector-server-3] receive addServer signal: {"action":"addServer","server":{"main":"/Users/bingbing/QAJackPoject/QAJackPomelo/game-server/app.js","env":"development","id":"connector-server-1","host":"127.0.0.1","port":4050,"clientPort":3050,"frontend":"true","serverType":"connector","pid":9211}}
[2017-04-25 21:59:01.186] [INFO] pomelo - [32m[/Users/bingbing/QAJackPoject/QAJackPomelo/game-server/node_modules/pomelo/lib/application.js] [39mapplication inited: "connector-server-3"
[2017-04-25 21:59:02.958] [INFO] pomelo - [32m[/Users/bingbing/QAJackPoject/QAJackPomelo/game-server/node_modules/pomelo/lib/application.js] [39m"connector-server-3" enter after start...
[2017-04-25 21:59:02.966] [INFO] pomelo - [32m[/Users/bingbing/QAJackPoject/QAJackPomelo/game-server/node_modules/pomelo/lib/application.js] [39m"connector-server-3" finish start
[2017-04-25 21:59:02.966] [INFO] pomelo - [32m[/Users/bingbing/QAJackPoject/QAJackPomelo/game-server/node_modules/pomelo/lib/application.js] [39m"connector-server-3" startup in 1386 ms
[2017-04-25 22:01:01.787] [INFO] pomelo - [32m[/Users/bingbing/QAJackPoject/QAJackPomelo/game-server/node_modules/pomelo/lib/application.js] [39mapplication inited: "connector-server-3"
[2017-04-25 22:01:03.668] [INFO] pomelo - [32m[/Users/bingbing/QAJackPoject/QAJackPomelo/game-server/node_modules/pomelo/lib/application.js] [39m"connector-server-3" enter after start...
[2017-04-25 22:01:03.674] [INFO] pomelo - [32m[/Users/bingbing/QAJackPoject/QAJackPomelo/game-server/node_modules/pomelo/lib/application.js] [39m"connector-server-3" finish start
[2017-04-25 22:01:03.674] [INFO] pomelo - [32m[/Users/bingbing/QAJackPoject/QAJackPomelo/game-server/node_modules/pomelo/lib/application.js] [39m"connector-server-3" startup in 1423 ms
[2017-04-25 22:03:41.796] [INFO] pomelo - [32m[/Users/bingbing/QAJackPoject/QAJackPomelo/game-server/node_modules/pomelo/lib/application.js] [39mapplication inited: "connector-server-3"
[2017-04-25 22:03:43.695] [INFO] pomelo - [32m[/Users/bingbing/QAJackPoject/QAJackPomelo/game-server/node_modules/pomelo/lib/application.js] [39m"connector-server-3" enter after start...
[2017-04-25 22:03:43.699] [INFO] pomelo - [32m[/Users/bingbing/QAJackPoject/QAJackPomelo/game-server/node_modules/pomelo/lib/application.js] [39m"connector-server-3" finish start
[2017-04-25 22:03:43.700] [INFO] pomelo - [32m[/Users/bingbing/QAJackPoject/QAJackPomelo/game-server/node_modules/pomelo/lib/application.js] [39m"connector-server-3" startup in 1456 ms
[2017-04-25 22:34:27.352] [INFO] pomelo - [32m[/Users/bingbing/QAJackPoject/QAJackPomelo/game-server/node_modules/pomelo/lib/application.js] [39mapplication inited: "connector-server-3"
[2017-04-25 22:34:50.418] [INFO] pomelo - [32m[/Users/bingbing/QAJackPoject/QAJackPomelo/game-server/node_modules/pomelo/lib/application.js] [39mapplication inited: "connector-server-3"
[2017-04-25 22:34:52.269] [INFO] pomelo - [32m[/Users/bingbing/QAJackPoject/QAJackPomelo/game-server/node_modules/pomelo/lib/application.js] [39m"connector-server-3" enter after start...
[2017-04-25 22:34:52.274] [INFO] pomelo - [32m[/Users/bingbing/QAJackPoject/QAJackPomelo/game-server/node_modules/pomelo/lib/application.js] [39m"connector-server-3" finish start
[2017-04-25 22:34:52.274] [INFO] pomelo - [32m[/Users/bingbing/QAJackPoject/QAJackPomelo/game-server/node_modules/pomelo/lib/application.js] [39m"connector-server-3" startup in 1437 ms
[2017-04-25 22:34:52.311] [DEBUG] pomelo - [36m[/Users/bingbing/QAJackPoject/QAJackPomelo/game-server/node_modules/pomelo/lib/modules/monitorwatcher.js] [39m[connector-server-3] receive addServer signal: {"action":"addServer","server":{"main":"/Users/bingbing/QAJackPoject/QAJackPomelo/game-server/app.js","env":"development","id":"chat-server-2","host":"127.0.0.1","port":7051,"serverType":"room","pid":9983}}
[2017-04-25 22:35:25.756] [INFO] pomelo - [32m[/Users/bingbing/QAJackPoject/QAJackPomelo/game-server/node_modules/pomelo/lib/application.js] [39mapplication inited: "connector-server-3"
[2017-04-25 22:35:27.743] [INFO] pomelo - [32m[/Users/bingbing/QAJackPoject/QAJackPomelo/game-server/node_modules/pomelo/lib/application.js] [39m"connector-server-3" enter after start...
[2017-04-25 22:35:27.765] [INFO] pomelo - [32m[/Users/bingbing/QAJackPoject/QAJackPomelo/game-server/node_modules/pomelo/lib/application.js] [39m"connector-server-3" finish start
[2017-04-25 22:35:27.766] [INFO] pomelo - [32m[/Users/bingbing/QAJackPoject/QAJackPomelo/game-server/node_modules/pomelo/lib/application.js] [39m"connector-server-3" startup in 1548 ms
[2017-04-25 22:35:27.768] [DEBUG] pomelo - [36m[/Users/bingbing/QAJackPoject/QAJackPomelo/game-server/node_modules/pomelo/lib/modules/monitorwatcher.js] [39m[connector-server-3] receive addServer signal: {"action":"addServer","server":{"main":"/Users/bingbing/QAJackPoject/QAJackPomelo/game-server/app.js","env":"development","id":"connector-server-2","host":"127.0.0.1","port":4051,"clientPort":3051,"frontend":"true","serverType":"connector","pid":9995}}
